/*C4*/SET SCHEMA PUBLIC
CONNECT USER SA
DISCONNECT
/*C5*/SET SCHEMA PUBLIC
CONNECT USER SA
SET AUTOCOMMIT FALSE
SET AUTOCOMMIT TRUE
SET AUTOCOMMIT FALSE
SET AUTOCOMMIT TRUE
SET AUTOCOMMIT FALSE
INSERT INTO BATCH_JOB_SEQ VALUES(2)
DELETE FROM BATCH_JOB_SEQ WHERE ID=1
INSERT INTO BATCH_JOB_INSTANCE VALUES(2,0,'delimitedToDelimitedJob','e50ee64a26d6c65bbea08ccfe06b9fc1')
INSERT INTO BATCH_JOB_PARAMS VALUES(2,'STRING','inputFile','classpath:/egovframework/batch/data/inputs/csvData.csv','1970-01-01 09:00:00.000000000',0,0.0E0)
INSERT INTO BATCH_JOB_PARAMS VALUES(2,'STRING','timestamp','1392096665910','1970-01-01 09:00:00.000000000',0,0.0E0)
INSERT INTO BATCH_JOB_PARAMS VALUES(2,'STRING','outputFile','file:C:\Users\SKCC07734/csvOutput.csv','1970-01-01 09:00:00.000000000',0,0.0E0)
INSERT INTO BATCH_JOB_EXECUTION_SEQ VALUES(2)
DELETE FROM BATCH_JOB_EXECUTION_SEQ WHERE ID=1
INSERT INTO BATCH_JOB_EXECUTION VALUES(2,0,2,'2014-02-11 14:31:06.023000000',NULL,NULL,'STARTING','UNKNOWN','','2014-02-11 14:31:06.023000000')
INSERT INTO BATCH_JOB_EXECUTION_CONTEXT VALUES(2,'{"map":""}',NULL)
COMMIT
SET AUTOCOMMIT TRUE
/*C6*/SET SCHEMA PUBLIC
CONNECT USER SA
SET AUTOCOMMIT FALSE
/*C7*/SET SCHEMA PUBLIC
CONNECT USER SA
/*C6*/DELETE FROM BATCH_JOB_EXECUTION WHERE JOB_EXECUTION_ID=2
INSERT INTO BATCH_JOB_EXECUTION VALUES(2,1,2,'2014-02-11 14:31:06.023000000','2014-02-11 14:31:06.130000000',NULL,'STARTED','UNKNOWN','','2014-02-11 14:31:06.134000000')
COMMIT
SET AUTOCOMMIT TRUE
/*C7*/SET AUTOCOMMIT FALSE
SET AUTOCOMMIT TRUE
/*C6*/SET AUTOCOMMIT FALSE
SET AUTOCOMMIT TRUE
SET AUTOCOMMIT FALSE
INSERT INTO BATCH_STEP_EXECUTION_SEQ VALUES(2)
DELETE FROM BATCH_STEP_EXECUTION_SEQ WHERE ID=1
INSERT INTO BATCH_STEP_EXECUTION VALUES(2,0,'delimitedToDelimitedStep',2,'2014-02-11 14:31:06.183000000',NULL,'STARTING',0,0,0,0,0,0,0,0,'EXECUTING','','2014-02-11 14:31:06.185000000')
INSERT INTO BATCH_STEP_EXECUTION_CONTEXT VALUES(2,'{"map":""}',NULL)
COMMIT
SET AUTOCOMMIT TRUE
/*C7*/SET AUTOCOMMIT FALSE
DELETE FROM BATCH_STEP_EXECUTION WHERE STEP_EXECUTION_ID=2
INSERT INTO BATCH_STEP_EXECUTION VALUES(2,1,'delimitedToDelimitedStep',2,'2014-02-11 14:31:06.193000000',NULL,'STARTED',0,0,0,0,0,0,0,0,'EXECUTING','','2014-02-11 14:31:06.194000000')
COMMIT
SET AUTOCOMMIT TRUE
/*C5*/SET AUTOCOMMIT FALSE
DELETE FROM BATCH_STEP_EXECUTION_CONTEXT WHERE STEP_EXECUTION_ID=2
INSERT INTO BATCH_STEP_EXECUTION_CONTEXT VALUES(2,'{"map":{"entry":[{"string":"FlatFileItemWriter.current.count","long":0},{"string":"FlatFileItemWriter.written","long":0},{"string":"FlatFileItemReader.read.count","int":0}]}}',NULL)
COMMIT
SET AUTOCOMMIT TRUE
/*C6*/SET AUTOCOMMIT FALSE
DELETE FROM BATCH_STEP_EXECUTION_CONTEXT WHERE STEP_EXECUTION_ID=2
INSERT INTO BATCH_STEP_EXECUTION_CONTEXT VALUES(2,'{"map":{"entry":[{"string":"FlatFileItemWriter.current.count","long":28},{"string":"FlatFileItemWriter.written","long":2},{"string":"FlatFileItemReader.read.count","int":2}]}}',NULL)
DELETE FROM BATCH_STEP_EXECUTION WHERE STEP_EXECUTION_ID=2
INSERT INTO BATCH_STEP_EXECUTION VALUES(2,2,'delimitedToDelimitedStep',2,'2014-02-11 14:31:06.193000000',NULL,'STARTED',1,2,0,2,0,0,0,0,'EXECUTING','','2014-02-11 14:31:06.428000000')
COMMIT
SET AUTOCOMMIT TRUE
/*C7*/SET AUTOCOMMIT FALSE
DELETE FROM BATCH_STEP_EXECUTION_CONTEXT WHERE STEP_EXECUTION_ID=2
INSERT INTO BATCH_STEP_EXECUTION_CONTEXT VALUES(2,'{"map":{"entry":[{"string":"FlatFileItemWriter.current.count","long":56},{"string":"FlatFileItemWriter.written","long":4},{"string":"FlatFileItemReader.read.count","int":4}]}}',NULL)
DELETE FROM BATCH_STEP_EXECUTION WHERE STEP_EXECUTION_ID=2
INSERT INTO BATCH_STEP_EXECUTION VALUES(2,3,'delimitedToDelimitedStep',2,'2014-02-11 14:31:06.193000000',NULL,'STARTED',2,4,0,4,0,0,0,0,'EXECUTING','','2014-02-11 14:31:06.443000000')
COMMIT
SET AUTOCOMMIT TRUE
/*C5*/SET AUTOCOMMIT FALSE
DELETE FROM BATCH_STEP_EXECUTION_CONTEXT WHERE STEP_EXECUTION_ID=2
INSERT INTO BATCH_STEP_EXECUTION_CONTEXT VALUES(2,'{"map":{"entry":[{"string":"FlatFileItemWriter.current.count","long":56},{"string":"FlatFileItemWriter.written","long":4},{"string":"FlatFileItemReader.read.count","int":5}]}}',NULL)
DELETE FROM BATCH_STEP_EXECUTION WHERE STEP_EXECUTION_ID=2
INSERT INTO BATCH_STEP_EXECUTION VALUES(2,4,'delimitedToDelimitedStep',2,'2014-02-11 14:31:06.193000000',NULL,'STARTED',3,4,0,4,0,0,0,0,'EXECUTING','','2014-02-11 14:31:06.455000000')
COMMIT
SET AUTOCOMMIT TRUE
/*C6*/SET AUTOCOMMIT FALSE
DELETE FROM BATCH_STEP_EXECUTION_CONTEXT WHERE STEP_EXECUTION_ID=2
INSERT INTO BATCH_STEP_EXECUTION_CONTEXT VALUES(2,'{"map":{"entry":[{"string":"FlatFileItemWriter.current.count","long":56},{"string":"FlatFileItemWriter.written","long":4},{"string":"FlatFileItemReader.read.count","int":5}]}}',NULL)
COMMIT
SET AUTOCOMMIT TRUE
/*C7*/SET AUTOCOMMIT FALSE
DELETE FROM BATCH_STEP_EXECUTION WHERE STEP_EXECUTION_ID=2
INSERT INTO BATCH_STEP_EXECUTION VALUES(2,5,'delimitedToDelimitedStep',2,'2014-02-11 14:31:06.193000000','2014-02-11 14:31:06.465000000','COMPLETED',3,4,0,4,0,0,0,0,'COMPLETED','','2014-02-11 14:31:06.468000000')
COMMIT
SET AUTOCOMMIT TRUE
/*C5*/SET AUTOCOMMIT FALSE
DELETE FROM BATCH_JOB_EXECUTION_CONTEXT WHERE JOB_EXECUTION_ID=2
INSERT INTO BATCH_JOB_EXECUTION_CONTEXT VALUES(2,'{"map":""}',NULL)
COMMIT
SET AUTOCOMMIT TRUE
/*C6*/SET AUTOCOMMIT FALSE
DELETE FROM BATCH_JOB_EXECUTION WHERE JOB_EXECUTION_ID=2
INSERT INTO BATCH_JOB_EXECUTION VALUES(2,2,2,'2014-02-11 14:31:06.023000000','2014-02-11 14:31:06.130000000','2014-02-11 14:31:06.483000000','COMPLETED','COMPLETED','','2014-02-11 14:31:06.484000000')
COMMIT
SET AUTOCOMMIT TRUE
/*C7*/SET AUTOCOMMIT FALSE
SET AUTOCOMMIT TRUE
/*C5*/SET AUTOCOMMIT FALSE
SET AUTOCOMMIT TRUE
/*C6*/SET AUTOCOMMIT FALSE
INSERT INTO BATCH_JOB_SEQ VALUES(3)
DELETE FROM BATCH_JOB_SEQ WHERE ID=2
INSERT INTO BATCH_JOB_INSTANCE VALUES(3,0,'fixedLengthToFixedLengthJob','1d61fc6c4055b5bc781e0efeeea40f74')
INSERT INTO BATCH_JOB_PARAMS VALUES(3,'STRING','inputFile','classpath:/egovframework/batch/data/inputs/txtData.txt','1970-01-01 09:00:00.000000000',0,0.0E0)
INSERT INTO BATCH_JOB_PARAMS VALUES(3,'STRING','timestamp','1392096669519','1970-01-01 09:00:00.000000000',0,0.0E0)
INSERT INTO BATCH_JOB_PARAMS VALUES(3,'STRING','outputFile','file:C:\Users\SKCC07734/txtOutput.txt','1970-01-01 09:00:00.000000000',0,0.0E0)
INSERT INTO BATCH_JOB_EXECUTION_SEQ VALUES(3)
DELETE FROM BATCH_JOB_EXECUTION_SEQ WHERE ID=2
INSERT INTO BATCH_JOB_EXECUTION VALUES(3,0,3,'2014-02-11 14:31:09.547000000',NULL,NULL,'STARTING','UNKNOWN','','2014-02-11 14:31:09.547000000')
INSERT INTO BATCH_JOB_EXECUTION_CONTEXT VALUES(3,'{"map":""}',NULL)
COMMIT
SET AUTOCOMMIT TRUE
/*C5*/SET AUTOCOMMIT FALSE
DELETE FROM BATCH_JOB_EXECUTION WHERE JOB_EXECUTION_ID=3
INSERT INTO BATCH_JOB_EXECUTION VALUES(3,1,3,'2014-02-11 14:31:09.547000000','2014-02-11 14:31:09.553000000',NULL,'STARTED','UNKNOWN','','2014-02-11 14:31:09.554000000')
COMMIT
SET AUTOCOMMIT TRUE
/*C6*/SET AUTOCOMMIT FALSE
SET AUTOCOMMIT TRUE
/*C5*/SET AUTOCOMMIT FALSE
SET AUTOCOMMIT TRUE
/*C6*/SET AUTOCOMMIT FALSE
INSERT INTO BATCH_STEP_EXECUTION_SEQ VALUES(3)
DELETE FROM BATCH_STEP_EXECUTION_SEQ WHERE ID=2
INSERT INTO BATCH_STEP_EXECUTION VALUES(3,0,'fixedLengthToFixedLengthStep',3,'2014-02-11 14:31:09.573000000',NULL,'STARTING',0,0,0,0,0,0,0,0,'EXECUTING','','2014-02-11 14:31:09.575000000')
INSERT INTO BATCH_STEP_EXECUTION_CONTEXT VALUES(3,'{"map":""}',NULL)
COMMIT
SET AUTOCOMMIT TRUE
/*C7*/SET AUTOCOMMIT FALSE
DELETE FROM BATCH_STEP_EXECUTION WHERE STEP_EXECUTION_ID=3
INSERT INTO BATCH_STEP_EXECUTION VALUES(3,1,'fixedLengthToFixedLengthStep',3,'2014-02-11 14:31:09.581000000',NULL,'STARTED',0,0,0,0,0,0,0,0,'EXECUTING','','2014-02-11 14:31:09.582000000')
COMMIT
SET AUTOCOMMIT TRUE
/*C5*/SET AUTOCOMMIT FALSE
DELETE FROM BATCH_STEP_EXECUTION_CONTEXT WHERE STEP_EXECUTION_ID=3
INSERT INTO BATCH_STEP_EXECUTION_CONTEXT VALUES(3,'{"map":{"entry":[{"string":"FlatFileItemWriter.current.count","long":0},{"string":"FlatFileItemWriter.written","long":0},{"string":"FlatFileItemReader.read.count","int":0}]}}',NULL)
COMMIT
SET AUTOCOMMIT TRUE
/*C6*/SET AUTOCOMMIT FALSE
DELETE FROM BATCH_STEP_EXECUTION_CONTEXT WHERE STEP_EXECUTION_ID=3
INSERT INTO BATCH_STEP_EXECUTION_CONTEXT VALUES(3,'{"map":{"entry":[{"string":"FlatFileItemWriter.current.count","long":26},{"string":"FlatFileItemWriter.written","long":2},{"string":"FlatFileItemReader.read.count","int":2}]}}',NULL)
DELETE FROM BATCH_STEP_EXECUTION WHERE STEP_EXECUTION_ID=3
INSERT INTO BATCH_STEP_EXECUTION VALUES(3,2,'fixedLengthToFixedLengthStep',3,'2014-02-11 14:31:09.581000000',NULL,'STARTED',1,2,0,2,0,0,0,0,'EXECUTING','','2014-02-11 14:31:09.625000000')
COMMIT
SET AUTOCOMMIT TRUE
/*C7*/SET AUTOCOMMIT FALSE
DELETE FROM BATCH_STEP_EXECUTION_CONTEXT WHERE STEP_EXECUTION_ID=3
INSERT INTO BATCH_STEP_EXECUTION_CONTEXT VALUES(3,'{"map":{"entry":[{"string":"FlatFileItemWriter.current.count","long":52},{"string":"FlatFileItemWriter.written","long":4},{"string":"FlatFileItemReader.read.count","int":4}]}}',NULL)
DELETE FROM BATCH_STEP_EXECUTION WHERE STEP_EXECUTION_ID=3
INSERT INTO BATCH_STEP_EXECUTION VALUES(3,3,'fixedLengthToFixedLengthStep',3,'2014-02-11 14:31:09.581000000',NULL,'STARTED',2,4,0,4,0,0,0,0,'EXECUTING','','2014-02-11 14:31:09.635000000')
COMMIT
SET AUTOCOMMIT TRUE
/*C5*/SET AUTOCOMMIT FALSE
DELETE FROM BATCH_STEP_EXECUTION_CONTEXT WHERE STEP_EXECUTION_ID=3
INSERT INTO BATCH_STEP_EXECUTION_CONTEXT VALUES(3,'{"map":{"entry":[{"string":"FlatFileItemWriter.current.count","long":52},{"string":"FlatFileItemWriter.written","long":4},{"string":"FlatFileItemReader.read.count","int":5}]}}',NULL)
DELETE FROM BATCH_STEP_EXECUTION WHERE STEP_EXECUTION_ID=3
INSERT INTO BATCH_STEP_EXECUTION VALUES(3,4,'fixedLengthToFixedLengthStep',3,'2014-02-11 14:31:09.581000000',NULL,'STARTED',3,4,0,4,0,0,0,0,'EXECUTING','','2014-02-11 14:31:09.643000000')
COMMIT
SET AUTOCOMMIT TRUE
/*C6*/SET AUTOCOMMIT FALSE
DELETE FROM BATCH_STEP_EXECUTION_CONTEXT WHERE STEP_EXECUTION_ID=3
INSERT INTO BATCH_STEP_EXECUTION_CONTEXT VALUES(3,'{"map":{"entry":[{"string":"FlatFileItemWriter.current.count","long":52},{"string":"FlatFileItemWriter.written","long":4},{"string":"FlatFileItemReader.read.count","int":5}]}}',NULL)
COMMIT
SET AUTOCOMMIT TRUE
/*C7*/SET AUTOCOMMIT FALSE
DELETE FROM BATCH_STEP_EXECUTION WHERE STEP_EXECUTION_ID=3
INSERT INTO BATCH_STEP_EXECUTION VALUES(3,5,'fixedLengthToFixedLengthStep',3,'2014-02-11 14:31:09.581000000','2014-02-11 14:31:09.650000000','COMPLETED',3,4,0,4,0,0,0,0,'COMPLETED','','2014-02-11 14:31:09.651000000')
COMMIT
SET AUTOCOMMIT TRUE
/*C5*/SET AUTOCOMMIT FALSE
DELETE FROM BATCH_JOB_EXECUTION_CONTEXT WHERE JOB_EXECUTION_ID=3
INSERT INTO BATCH_JOB_EXECUTION_CONTEXT VALUES(3,'{"map":""}',NULL)
COMMIT
SET AUTOCOMMIT TRUE
/*C6*/SET AUTOCOMMIT FALSE
DELETE FROM BATCH_JOB_EXECUTION WHERE JOB_EXECUTION_ID=3
INSERT INTO BATCH_JOB_EXECUTION VALUES(3,2,3,'2014-02-11 14:31:09.547000000','2014-02-11 14:31:09.553000000','2014-02-11 14:31:09.660000000','COMPLETED','COMPLETED','','2014-02-11 14:31:09.662000000')
COMMIT
SET AUTOCOMMIT TRUE
/*C7*/SET AUTOCOMMIT FALSE
SET AUTOCOMMIT TRUE
/*C5*/SET AUTOCOMMIT FALSE
SET AUTOCOMMIT TRUE
/*C6*/SET AUTOCOMMIT FALSE
INSERT INTO BATCH_JOB_SEQ VALUES(4)
DELETE FROM BATCH_JOB_SEQ WHERE ID=3
INSERT INTO BATCH_JOB_INSTANCE VALUES(4,0,'fixedLengthToIbatisJob','c69cbee7d0a4c51f5b78d00e415827bf')
INSERT INTO BATCH_JOB_PARAMS VALUES(4,'STRING','inputFile','classpath:/egovframework/batch/data/inputs/txtData.txt','1970-01-01 09:00:00.000000000',0,0.0E0)
INSERT INTO BATCH_JOB_PARAMS VALUES(4,'STRING','timestamp','1392096672588','1970-01-01 09:00:00.000000000',0,0.0E0)
INSERT INTO BATCH_JOB_EXECUTION_SEQ VALUES(4)
DELETE FROM BATCH_JOB_EXECUTION_SEQ WHERE ID=3
INSERT INTO BATCH_JOB_EXECUTION VALUES(4,0,4,'2014-02-11 14:31:12.630000000',NULL,NULL,'STARTING','UNKNOWN','','2014-02-11 14:31:12.630000000')
INSERT INTO BATCH_JOB_EXECUTION_CONTEXT VALUES(4,'{"map":""}',NULL)
COMMIT
SET AUTOCOMMIT TRUE
/*C5*/SET AUTOCOMMIT FALSE
DELETE FROM BATCH_JOB_EXECUTION WHERE JOB_EXECUTION_ID=4
INSERT INTO BATCH_JOB_EXECUTION VALUES(4,1,4,'2014-02-11 14:31:12.630000000','2014-02-11 14:31:12.636000000',NULL,'STARTED','UNKNOWN','','2014-02-11 14:31:12.639000000')
COMMIT
SET AUTOCOMMIT TRUE
/*C6*/SET AUTOCOMMIT FALSE
SET AUTOCOMMIT TRUE
SET AUTOCOMMIT FALSE
SET AUTOCOMMIT TRUE
/*C7*/SET AUTOCOMMIT FALSE
INSERT INTO BATCH_STEP_EXECUTION_SEQ VALUES(4)
DELETE FROM BATCH_STEP_EXECUTION_SEQ WHERE ID=3
INSERT INTO BATCH_STEP_EXECUTION VALUES(4,0,'fixedLengthToIbatisStep',4,'2014-02-11 14:31:12.669000000',NULL,'STARTING',0,0,0,0,0,0,0,0,'EXECUTING','','2014-02-11 14:31:12.671000000')
INSERT INTO BATCH_STEP_EXECUTION_CONTEXT VALUES(4,'{"map":""}',NULL)
COMMIT
SET AUTOCOMMIT TRUE
/*C5*/SET AUTOCOMMIT FALSE
DELETE FROM BATCH_STEP_EXECUTION WHERE STEP_EXECUTION_ID=4
INSERT INTO BATCH_STEP_EXECUTION VALUES(4,1,'fixedLengthToIbatisStep',4,'2014-02-11 14:31:12.679000000',NULL,'STARTED',0,0,0,0,0,0,0,0,'EXECUTING','','2014-02-11 14:31:12.681000000')
COMMIT
SET AUTOCOMMIT TRUE
/*C6*/SET AUTOCOMMIT FALSE
DELETE FROM BATCH_STEP_EXECUTION_CONTEXT WHERE STEP_EXECUTION_ID=4
INSERT INTO BATCH_STEP_EXECUTION_CONTEXT VALUES(4,'{"map":{"entry":{"string":"FlatFileItemReader.read.count","int":0}}}',NULL)
COMMIT
SET AUTOCOMMIT TRUE
/*C7*/SET AUTOCOMMIT FALSE
DELETE FROM CUSTOMER WHERE ID=1
INSERT INTO CUSTOMER VALUES(1,0,'customer1',20)
DELETE FROM CUSTOMER WHERE ID=2
INSERT INTO CUSTOMER VALUES(2,0,'customer2',30)
DELETE FROM BATCH_STEP_EXECUTION_CONTEXT WHERE STEP_EXECUTION_ID=4
INSERT INTO BATCH_STEP_EXECUTION_CONTEXT VALUES(4,'{"map":{"entry":{"string":"FlatFileItemReader.read.count","int":2}}}',NULL)
DELETE FROM BATCH_STEP_EXECUTION WHERE STEP_EXECUTION_ID=4
INSERT INTO BATCH_STEP_EXECUTION VALUES(4,2,'fixedLengthToIbatisStep',4,'2014-02-11 14:31:12.679000000',NULL,'STARTED',1,2,0,2,0,0,0,0,'EXECUTING','','2014-02-11 14:31:12.730000000')
COMMIT
SET AUTOCOMMIT TRUE
/*C5*/SET AUTOCOMMIT FALSE
DELETE FROM CUSTOMER WHERE ID=3
INSERT INTO CUSTOMER VALUES(3,0,'customer3',40)
DELETE FROM CUSTOMER WHERE ID=4
INSERT INTO CUSTOMER VALUES(4,0,'customer4',50)
DELETE FROM BATCH_STEP_EXECUTION_CONTEXT WHERE STEP_EXECUTION_ID=4
INSERT INTO BATCH_STEP_EXECUTION_CONTEXT VALUES(4,'{"map":{"entry":{"string":"FlatFileItemReader.read.count","int":4}}}',NULL)
DELETE FROM BATCH_STEP_EXECUTION WHERE STEP_EXECUTION_ID=4
INSERT INTO BATCH_STEP_EXECUTION VALUES(4,3,'fixedLengthToIbatisStep',4,'2014-02-11 14:31:12.679000000',NULL,'STARTED',2,4,0,4,0,0,0,0,'EXECUTING','','2014-02-11 14:31:12.740000000')
COMMIT
SET AUTOCOMMIT TRUE
/*C6*/SET AUTOCOMMIT FALSE
DELETE FROM BATCH_STEP_EXECUTION_CONTEXT WHERE STEP_EXECUTION_ID=4
INSERT INTO BATCH_STEP_EXECUTION_CONTEXT VALUES(4,'{"map":{"entry":{"string":"FlatFileItemReader.read.count","int":5}}}',NULL)
DELETE FROM BATCH_STEP_EXECUTION WHERE STEP_EXECUTION_ID=4
INSERT INTO BATCH_STEP_EXECUTION VALUES(4,4,'fixedLengthToIbatisStep',4,'2014-02-11 14:31:12.679000000',NULL,'STARTED',3,4,0,4,0,0,0,0,'EXECUTING','','2014-02-11 14:31:12.753000000')
COMMIT
SET AUTOCOMMIT TRUE
/*C7*/SET AUTOCOMMIT FALSE
DELETE FROM BATCH_STEP_EXECUTION_CONTEXT WHERE STEP_EXECUTION_ID=4
INSERT INTO BATCH_STEP_EXECUTION_CONTEXT VALUES(4,'{"map":{"entry":{"string":"FlatFileItemReader.read.count","int":5}}}',NULL)
COMMIT
SET AUTOCOMMIT TRUE
/*C5*/SET AUTOCOMMIT FALSE
DELETE FROM BATCH_STEP_EXECUTION WHERE STEP_EXECUTION_ID=4
INSERT INTO BATCH_STEP_EXECUTION VALUES(4,5,'fixedLengthToIbatisStep',4,'2014-02-11 14:31:12.679000000','2014-02-11 14:31:12.766000000','COMPLETED',3,4,0,4,0,0,0,0,'COMPLETED','','2014-02-11 14:31:12.767000000')
COMMIT
SET AUTOCOMMIT TRUE
/*C6*/SET AUTOCOMMIT FALSE
DELETE FROM BATCH_JOB_EXECUTION_CONTEXT WHERE JOB_EXECUTION_ID=4
INSERT INTO BATCH_JOB_EXECUTION_CONTEXT VALUES(4,'{"map":""}',NULL)
COMMIT
SET AUTOCOMMIT TRUE
/*C7*/SET AUTOCOMMIT FALSE
DELETE FROM BATCH_JOB_EXECUTION WHERE JOB_EXECUTION_ID=4
INSERT INTO BATCH_JOB_EXECUTION VALUES(4,2,4,'2014-02-11 14:31:12.630000000','2014-02-11 14:31:12.636000000','2014-02-11 14:31:12.778000000','COMPLETED','COMPLETED','','2014-02-11 14:31:12.779000000')
COMMIT
SET AUTOCOMMIT TRUE
/*C5*/SET AUTOCOMMIT FALSE
SET AUTOCOMMIT TRUE
/*C6*/SET AUTOCOMMIT FALSE
SET AUTOCOMMIT TRUE
/*C7*/SET AUTOCOMMIT FALSE
INSERT INTO BATCH_JOB_SEQ VALUES(5)
DELETE FROM BATCH_JOB_SEQ WHERE ID=4
INSERT INTO BATCH_JOB_INSTANCE VALUES(5,0,'fixedLengthToJdbcJob','4e154ef690f167666a4b512d950877db')
INSERT INTO BATCH_JOB_PARAMS VALUES(5,'STRING','inputFile','classpath:/egovframework/batch/data/inputs/txtData.txt','1970-01-01 09:00:00.000000000',0,0.0E0)
INSERT INTO BATCH_JOB_PARAMS VALUES(5,'STRING','timestamp','1392096676091','1970-01-01 09:00:00.000000000',0,0.0E0)
INSERT INTO BATCH_JOB_EXECUTION_SEQ VALUES(5)
DELETE FROM BATCH_JOB_EXECUTION_SEQ WHERE ID=4
INSERT INTO BATCH_JOB_EXECUTION VALUES(5,0,5,'2014-02-11 14:31:16.111000000',NULL,NULL,'STARTING','UNKNOWN','','2014-02-11 14:31:16.111000000')
INSERT INTO BATCH_JOB_EXECUTION_CONTEXT VALUES(5,'{"map":""}',NULL)
COMMIT
SET AUTOCOMMIT TRUE
/*C6*/SET AUTOCOMMIT FALSE
DELETE FROM BATCH_JOB_EXECUTION WHERE JOB_EXECUTION_ID=5
INSERT INTO BATCH_JOB_EXECUTION VALUES(5,1,5,'2014-02-11 14:31:16.111000000','2014-02-11 14:31:16.115000000',NULL,'STARTED','UNKNOWN','','2014-02-11 14:31:16.117000000')
COMMIT
SET AUTOCOMMIT TRUE
SET AUTOCOMMIT FALSE
SET AUTOCOMMIT TRUE
/*C7*/SET AUTOCOMMIT FALSE
SET AUTOCOMMIT TRUE
/*C6*/SET AUTOCOMMIT FALSE
INSERT INTO BATCH_STEP_EXECUTION_SEQ VALUES(5)
DELETE FROM BATCH_STEP_EXECUTION_SEQ WHERE ID=4
INSERT INTO BATCH_STEP_EXECUTION VALUES(5,0,'fixedLengthToJdbcStep',5,'2014-02-11 14:31:16.134000000',NULL,'STARTING',0,0,0,0,0,0,0,0,'EXECUTING','','2014-02-11 14:31:16.135000000')
INSERT INTO BATCH_STEP_EXECUTION_CONTEXT VALUES(5,'{"map":""}',NULL)
COMMIT
SET AUTOCOMMIT TRUE
/*C5*/SET AUTOCOMMIT FALSE
DELETE FROM BATCH_STEP_EXECUTION WHERE STEP_EXECUTION_ID=5
INSERT INTO BATCH_STEP_EXECUTION VALUES(5,1,'fixedLengthToJdbcStep',5,'2014-02-11 14:31:16.139000000',NULL,'STARTED',0,0,0,0,0,0,0,0,'EXECUTING','','2014-02-11 14:31:16.141000000')
COMMIT
SET AUTOCOMMIT TRUE
/*C7*/SET AUTOCOMMIT FALSE
DELETE FROM BATCH_STEP_EXECUTION_CONTEXT WHERE STEP_EXECUTION_ID=5
INSERT INTO BATCH_STEP_EXECUTION_CONTEXT VALUES(5,'{"map":{"entry":{"string":"FlatFileItemReader.read.count","int":0}}}',NULL)
COMMIT
SET AUTOCOMMIT TRUE
/*C6*/SET AUTOCOMMIT FALSE
DELETE FROM CUSTOMER WHERE ID=1
INSERT INTO CUSTOMER VALUES(1,0,'customer1',20)
DELETE FROM CUSTOMER WHERE ID=2
INSERT INTO CUSTOMER VALUES(2,0,'customer2',30)
DELETE FROM BATCH_STEP_EXECUTION_CONTEXT WHERE STEP_EXECUTION_ID=5
INSERT INTO BATCH_STEP_EXECUTION_CONTEXT VALUES(5,'{"map":{"entry":{"string":"FlatFileItemReader.read.count","int":2}}}',NULL)
DELETE FROM BATCH_STEP_EXECUTION WHERE STEP_EXECUTION_ID=5
INSERT INTO BATCH_STEP_EXECUTION VALUES(5,2,'fixedLengthToJdbcStep',5,'2014-02-11 14:31:16.139000000',NULL,'STARTED',1,2,0,2,0,0,0,0,'EXECUTING','','2014-02-11 14:31:16.163000000')
COMMIT
SET AUTOCOMMIT TRUE
/*C5*/SET AUTOCOMMIT FALSE
DELETE FROM CUSTOMER WHERE ID=3
INSERT INTO CUSTOMER VALUES(3,0,'customer3',40)
DELETE FROM CUSTOMER WHERE ID=4
INSERT INTO CUSTOMER VALUES(4,0,'customer4',50)
DELETE FROM BATCH_STEP_EXECUTION_CONTEXT WHERE STEP_EXECUTION_ID=5
INSERT INTO BATCH_STEP_EXECUTION_CONTEXT VALUES(5,'{"map":{"entry":{"string":"FlatFileItemReader.read.count","int":4}}}',NULL)
DELETE FROM BATCH_STEP_EXECUTION WHERE STEP_EXECUTION_ID=5
INSERT INTO BATCH_STEP_EXECUTION VALUES(5,3,'fixedLengthToJdbcStep',5,'2014-02-11 14:31:16.139000000',NULL,'STARTED',2,4,0,4,0,0,0,0,'EXECUTING','','2014-02-11 14:31:16.171000000')
COMMIT
SET AUTOCOMMIT TRUE
/*C7*/SET AUTOCOMMIT FALSE
DELETE FROM BATCH_STEP_EXECUTION_CONTEXT WHERE STEP_EXECUTION_ID=5
INSERT INTO BATCH_STEP_EXECUTION_CONTEXT VALUES(5,'{"map":{"entry":{"string":"FlatFileItemReader.read.count","int":5}}}',NULL)
DELETE FROM BATCH_STEP_EXECUTION WHERE STEP_EXECUTION_ID=5
INSERT INTO BATCH_STEP_EXECUTION VALUES(5,4,'fixedLengthToJdbcStep',5,'2014-02-11 14:31:16.139000000',NULL,'STARTED',3,4,0,4,0,0,0,0,'EXECUTING','','2014-02-11 14:31:16.180000000')
COMMIT
SET AUTOCOMMIT TRUE
/*C6*/SET AUTOCOMMIT FALSE
DELETE FROM BATCH_STEP_EXECUTION_CONTEXT WHERE STEP_EXECUTION_ID=5
INSERT INTO BATCH_STEP_EXECUTION_CONTEXT VALUES(5,'{"map":{"entry":{"string":"FlatFileItemReader.read.count","int":5}}}',NULL)
COMMIT
SET AUTOCOMMIT TRUE
/*C5*/SET AUTOCOMMIT FALSE
DELETE FROM BATCH_STEP_EXECUTION WHERE STEP_EXECUTION_ID=5
INSERT INTO BATCH_STEP_EXECUTION VALUES(5,5,'fixedLengthToJdbcStep',5,'2014-02-11 14:31:16.139000000','2014-02-11 14:31:16.187000000','COMPLETED',3,4,0,4,0,0,0,0,'COMPLETED','','2014-02-11 14:31:16.188000000')
COMMIT
SET AUTOCOMMIT TRUE
/*C7*/SET AUTOCOMMIT FALSE
DELETE FROM BATCH_JOB_EXECUTION_CONTEXT WHERE JOB_EXECUTION_ID=5
INSERT INTO BATCH_JOB_EXECUTION_CONTEXT VALUES(5,'{"map":""}',NULL)
COMMIT
SET AUTOCOMMIT TRUE
/*C6*/SET AUTOCOMMIT FALSE
DELETE FROM BATCH_JOB_EXECUTION WHERE JOB_EXECUTION_ID=5
INSERT INTO BATCH_JOB_EXECUTION VALUES(5,2,5,'2014-02-11 14:31:16.111000000','2014-02-11 14:31:16.115000000','2014-02-11 14:31:16.203000000','COMPLETED','COMPLETED','','2014-02-11 14:31:16.205000000')
COMMIT
SET AUTOCOMMIT TRUE
/*C5*/DISCONNECT
/*C7*/DISCONNECT
/*C6*/DISCONNECT
/*C8*/SET SCHEMA PUBLIC
CONNECT USER SA
DISCONNECT
/*C9*/SET SCHEMA PUBLIC
CONNECT USER SA
SET AUTOCOMMIT FALSE
SET AUTOCOMMIT TRUE
SET AUTOCOMMIT FALSE
SET AUTOCOMMIT TRUE
SET AUTOCOMMIT FALSE
INSERT INTO BATCH_JOB_SEQ VALUES(6)
DELETE FROM BATCH_JOB_SEQ WHERE ID=5
INSERT INTO BATCH_JOB_INSTANCE VALUES(6,0,'delimitedToDelimitedJob','28f3fafefb419837d6b3d55224f5af4b')
INSERT INTO BATCH_JOB_PARAMS VALUES(6,'STRING','inputFile','classpath:/egovframework/batch/data/inputs/csvData.csv','1970-01-01 09:00:00.000000000',0,0.0E0)
INSERT INTO BATCH_JOB_PARAMS VALUES(6,'STRING','timestamp','1392096978797','1970-01-01 09:00:00.000000000',0,0.0E0)
INSERT INTO BATCH_JOB_PARAMS VALUES(6,'STRING','outputFile','file:C:\Users\SKCC07734/csvOutput.csv','1970-01-01 09:00:00.000000000',0,0.0E0)
INSERT INTO BATCH_JOB_EXECUTION_SEQ VALUES(6)
DELETE FROM BATCH_JOB_EXECUTION_SEQ WHERE ID=5
INSERT INTO BATCH_JOB_EXECUTION VALUES(6,0,6,'2014-02-11 14:36:18.897000000',NULL,NULL,'STARTING','UNKNOWN','','2014-02-11 14:36:18.897000000')
INSERT INTO BATCH_JOB_EXECUTION_CONTEXT VALUES(6,'{"map":""}',NULL)
COMMIT
SET AUTOCOMMIT TRUE
/*C10*/SET SCHEMA PUBLIC
CONNECT USER SA
SET AUTOCOMMIT FALSE
/*C11*/SET SCHEMA PUBLIC
CONNECT USER SA
/*C10*/DELETE FROM BATCH_JOB_EXECUTION WHERE JOB_EXECUTION_ID=6
INSERT INTO BATCH_JOB_EXECUTION VALUES(6,1,6,'2014-02-11 14:36:18.897000000','2014-02-11 14:36:19.001000000',NULL,'STARTED','UNKNOWN','','2014-02-11 14:36:19.008000000')
COMMIT
SET AUTOCOMMIT TRUE
/*C11*/SET AUTOCOMMIT FALSE
SET AUTOCOMMIT TRUE
/*C10*/SET AUTOCOMMIT FALSE
SET AUTOCOMMIT TRUE
/*C11*/SET AUTOCOMMIT FALSE
INSERT INTO BATCH_STEP_EXECUTION_SEQ VALUES(6)
DELETE FROM BATCH_STEP_EXECUTION_SEQ WHERE ID=5
INSERT INTO BATCH_STEP_EXECUTION VALUES(6,0,'delimitedToDelimitedStep',6,'2014-02-11 14:36:19.048000000',NULL,'STARTING',0,0,0,0,0,0,0,0,'EXECUTING','','2014-02-11 14:36:19.050000000')
INSERT INTO BATCH_STEP_EXECUTION_CONTEXT VALUES(6,'{"map":""}',NULL)
COMMIT
SET AUTOCOMMIT TRUE
/*C9*/SET AUTOCOMMIT FALSE
DELETE FROM BATCH_STEP_EXECUTION WHERE STEP_EXECUTION_ID=6
INSERT INTO BATCH_STEP_EXECUTION VALUES(6,1,'delimitedToDelimitedStep',6,'2014-02-11 14:36:19.055000000',NULL,'STARTED',0,0,0,0,0,0,0,0,'EXECUTING','','2014-02-11 14:36:19.057000000')
COMMIT
SET AUTOCOMMIT TRUE
/*C11*/SET AUTOCOMMIT FALSE
DELETE FROM BATCH_STEP_EXECUTION_CONTEXT WHERE STEP_EXECUTION_ID=6
INSERT INTO BATCH_STEP_EXECUTION_CONTEXT VALUES(6,'{"map":{"entry":[{"string":"FlatFileItemWriter.current.count","long":0},{"string":"FlatFileItemWriter.written","long":0},{"string":"FlatFileItemReader.read.count","int":0}]}}',NULL)
COMMIT
SET AUTOCOMMIT TRUE
/*C10*/SET AUTOCOMMIT FALSE
DELETE FROM BATCH_STEP_EXECUTION_CONTEXT WHERE STEP_EXECUTION_ID=6
INSERT INTO BATCH_STEP_EXECUTION_CONTEXT VALUES(6,'{"map":{"entry":[{"string":"FlatFileItemWriter.current.count","long":28},{"string":"FlatFileItemWriter.written","long":2},{"string":"FlatFileItemReader.read.count","int":2}]}}',NULL)
DELETE FROM BATCH_STEP_EXECUTION WHERE STEP_EXECUTION_ID=6
INSERT INTO BATCH_STEP_EXECUTION VALUES(6,2,'delimitedToDelimitedStep',6,'2014-02-11 14:36:19.055000000',NULL,'STARTED',1,2,0,2,0,0,0,0,'EXECUTING','','2014-02-11 14:36:19.269000000')
COMMIT
SET AUTOCOMMIT TRUE
/*C9*/SET AUTOCOMMIT FALSE
DELETE FROM BATCH_STEP_EXECUTION_CONTEXT WHERE STEP_EXECUTION_ID=6
INSERT INTO BATCH_STEP_EXECUTION_CONTEXT VALUES(6,'{"map":{"entry":[{"string":"FlatFileItemWriter.current.count","long":56},{"string":"FlatFileItemWriter.written","long":4},{"string":"FlatFileItemReader.read.count","int":4}]}}',NULL)
DELETE FROM BATCH_STEP_EXECUTION WHERE STEP_EXECUTION_ID=6
INSERT INTO BATCH_STEP_EXECUTION VALUES(6,3,'delimitedToDelimitedStep',6,'2014-02-11 14:36:19.055000000',NULL,'STARTED',2,4,0,4,0,0,0,0,'EXECUTING','','2014-02-11 14:36:19.279000000')
COMMIT
SET AUTOCOMMIT TRUE
/*C11*/SET AUTOCOMMIT FALSE
DELETE FROM BATCH_STEP_EXECUTION_CONTEXT WHERE STEP_EXECUTION_ID=6
INSERT INTO BATCH_STEP_EXECUTION_CONTEXT VALUES(6,'{"map":{"entry":[{"string":"FlatFileItemWriter.current.count","long":56},{"string":"FlatFileItemWriter.written","long":4},{"string":"FlatFileItemReader.read.count","int":5}]}}',NULL)
DELETE FROM BATCH_STEP_EXECUTION WHERE STEP_EXECUTION_ID=6
INSERT INTO BATCH_STEP_EXECUTION VALUES(6,4,'delimitedToDelimitedStep',6,'2014-02-11 14:36:19.055000000',NULL,'STARTED',3,4,0,4,0,0,0,0,'EXECUTING','','2014-02-11 14:36:19.285000000')
COMMIT
SET AUTOCOMMIT TRUE
/*C10*/SET AUTOCOMMIT FALSE
DELETE FROM BATCH_STEP_EXECUTION_CONTEXT WHERE STEP_EXECUTION_ID=6
INSERT INTO BATCH_STEP_EXECUTION_CONTEXT VALUES(6,'{"map":{"entry":[{"string":"FlatFileItemWriter.current.count","long":56},{"string":"FlatFileItemWriter.written","long":4},{"string":"FlatFileItemReader.read.count","int":5}]}}',NULL)
COMMIT
SET AUTOCOMMIT TRUE
/*C9*/SET AUTOCOMMIT FALSE
DELETE FROM BATCH_STEP_EXECUTION WHERE STEP_EXECUTION_ID=6
INSERT INTO BATCH_STEP_EXECUTION VALUES(6,5,'delimitedToDelimitedStep',6,'2014-02-11 14:36:19.055000000','2014-02-11 14:36:19.295000000','COMPLETED',3,4,0,4,0,0,0,0,'COMPLETED','','2014-02-11 14:36:19.301000000')
COMMIT
SET AUTOCOMMIT TRUE
/*C11*/SET AUTOCOMMIT FALSE
DELETE FROM BATCH_JOB_EXECUTION_CONTEXT WHERE JOB_EXECUTION_ID=6
INSERT INTO BATCH_JOB_EXECUTION_CONTEXT VALUES(6,'{"map":""}',NULL)
COMMIT
SET AUTOCOMMIT TRUE
/*C10*/SET AUTOCOMMIT FALSE
DELETE FROM BATCH_JOB_EXECUTION WHERE JOB_EXECUTION_ID=6
INSERT INTO BATCH_JOB_EXECUTION VALUES(6,2,6,'2014-02-11 14:36:18.897000000','2014-02-11 14:36:19.001000000','2014-02-11 14:36:19.324000000','COMPLETED','COMPLETED','','2014-02-11 14:36:19.325000000')
COMMIT
SET AUTOCOMMIT TRUE
/*C9*/SET AUTOCOMMIT FALSE
SET AUTOCOMMIT TRUE
/*C11*/SET AUTOCOMMIT FALSE
SET AUTOCOMMIT TRUE
/*C10*/SET AUTOCOMMIT FALSE
INSERT INTO BATCH_JOB_SEQ VALUES(7)
DELETE FROM BATCH_JOB_SEQ WHERE ID=6
INSERT INTO BATCH_JOB_INSTANCE VALUES(7,0,'fixedLengthToFixedLengthJob','796a2e64e85d77fa9fccf2319d767ea5')
INSERT INTO BATCH_JOB_PARAMS VALUES(7,'STRING','inputFile','classpath:/egovframework/batch/data/inputs/txtData.txt','1970-01-01 09:00:00.000000000',0,0.0E0)
INSERT INTO BATCH_JOB_PARAMS VALUES(7,'STRING','timestamp','1392096985009','1970-01-01 09:00:00.000000000',0,0.0E0)
INSERT INTO BATCH_JOB_PARAMS VALUES(7,'STRING','outputFile','file:C:\Users\SKCC07734/txtOutput.txt','1970-01-01 09:00:00.000000000',0,0.0E0)
INSERT INTO BATCH_JOB_EXECUTION_SEQ VALUES(7)
DELETE FROM BATCH_JOB_EXECUTION_SEQ WHERE ID=6
INSERT INTO BATCH_JOB_EXECUTION VALUES(7,0,7,'2014-02-11 14:36:25.034000000',NULL,NULL,'STARTING','UNKNOWN','','2014-02-11 14:36:25.034000000')
INSERT INTO BATCH_JOB_EXECUTION_CONTEXT VALUES(7,'{"map":""}',NULL)
COMMIT
SET AUTOCOMMIT TRUE
/*C11*/SET AUTOCOMMIT FALSE
DELETE FROM BATCH_JOB_EXECUTION WHERE JOB_EXECUTION_ID=7
INSERT INTO BATCH_JOB_EXECUTION VALUES(7,1,7,'2014-02-11 14:36:25.034000000','2014-02-11 14:36:25.043000000',NULL,'STARTED','UNKNOWN','','2014-02-11 14:36:25.044000000')
COMMIT
SET AUTOCOMMIT TRUE
SET AUTOCOMMIT FALSE
SET AUTOCOMMIT TRUE
SET AUTOCOMMIT FALSE
SET AUTOCOMMIT TRUE
/*C10*/SET AUTOCOMMIT FALSE
INSERT INTO BATCH_STEP_EXECUTION_SEQ VALUES(7)
DELETE FROM BATCH_STEP_EXECUTION_SEQ WHERE ID=6
INSERT INTO BATCH_STEP_EXECUTION VALUES(7,0,'fixedLengthToFixedLengthStep',7,'2014-02-11 14:36:25.074000000',NULL,'STARTING',0,0,0,0,0,0,0,0,'EXECUTING','','2014-02-11 14:36:25.075000000')
INSERT INTO BATCH_STEP_EXECUTION_CONTEXT VALUES(7,'{"map":""}',NULL)
COMMIT
SET AUTOCOMMIT TRUE
/*C11*/SET AUTOCOMMIT FALSE
DELETE FROM BATCH_STEP_EXECUTION WHERE STEP_EXECUTION_ID=7
INSERT INTO BATCH_STEP_EXECUTION VALUES(7,1,'fixedLengthToFixedLengthStep',7,'2014-02-11 14:36:25.081000000',NULL,'STARTED',0,0,0,0,0,0,0,0,'EXECUTING','','2014-02-11 14:36:25.082000000')
COMMIT
SET AUTOCOMMIT TRUE
/*C10*/SET AUTOCOMMIT FALSE
DELETE FROM BATCH_STEP_EXECUTION_CONTEXT WHERE STEP_EXECUTION_ID=7
INSERT INTO BATCH_STEP_EXECUTION_CONTEXT VALUES(7,'{"map":{"entry":[{"string":"FlatFileItemWriter.current.count","long":0},{"string":"FlatFileItemWriter.written","long":0},{"string":"FlatFileItemReader.read.count","int":0}]}}',NULL)
COMMIT
SET AUTOCOMMIT TRUE
/*C9*/SET AUTOCOMMIT FALSE
DELETE FROM BATCH_STEP_EXECUTION_CONTEXT WHERE STEP_EXECUTION_ID=7
INSERT INTO BATCH_STEP_EXECUTION_CONTEXT VALUES(7,'{"map":{"entry":[{"string":"FlatFileItemWriter.current.count","long":26},{"string":"FlatFileItemWriter.written","long":2},{"string":"FlatFileItemReader.read.count","int":2}]}}',NULL)
DELETE FROM BATCH_STEP_EXECUTION WHERE STEP_EXECUTION_ID=7
INSERT INTO BATCH_STEP_EXECUTION VALUES(7,2,'fixedLengthToFixedLengthStep',7,'2014-02-11 14:36:25.081000000',NULL,'STARTED',1,2,0,2,0,0,0,0,'EXECUTING','','2014-02-11 14:36:25.143000000')
COMMIT
SET AUTOCOMMIT TRUE
/*C11*/SET AUTOCOMMIT FALSE
DELETE FROM BATCH_STEP_EXECUTION_CONTEXT WHERE STEP_EXECUTION_ID=7
INSERT INTO BATCH_STEP_EXECUTION_CONTEXT VALUES(7,'{"map":{"entry":[{"string":"FlatFileItemWriter.current.count","long":52},{"string":"FlatFileItemWriter.written","long":4},{"string":"FlatFileItemReader.read.count","int":4}]}}',NULL)
DELETE FROM BATCH_STEP_EXECUTION WHERE STEP_EXECUTION_ID=7
INSERT INTO BATCH_STEP_EXECUTION VALUES(7,3,'fixedLengthToFixedLengthStep',7,'2014-02-11 14:36:25.081000000',NULL,'STARTED',2,4,0,4,0,0,0,0,'EXECUTING','','2014-02-11 14:36:25.181000000')
COMMIT
SET AUTOCOMMIT TRUE
/*C10*/SET AUTOCOMMIT FALSE
DELETE FROM BATCH_STEP_EXECUTION_CONTEXT WHERE STEP_EXECUTION_ID=7
INSERT INTO BATCH_STEP_EXECUTION_CONTEXT VALUES(7,'{"map":{"entry":[{"string":"FlatFileItemWriter.current.count","long":52},{"string":"FlatFileItemWriter.written","long":4},{"string":"FlatFileItemReader.read.count","int":5}]}}',NULL)
DELETE FROM BATCH_STEP_EXECUTION WHERE STEP_EXECUTION_ID=7
INSERT INTO BATCH_STEP_EXECUTION VALUES(7,4,'fixedLengthToFixedLengthStep',7,'2014-02-11 14:36:25.081000000',NULL,'STARTED',3,4,0,4,0,0,0,0,'EXECUTING','','2014-02-11 14:36:25.206000000')
COMMIT
SET AUTOCOMMIT TRUE
/*C9*/SET AUTOCOMMIT FALSE
DELETE FROM BATCH_STEP_EXECUTION_CONTEXT WHERE STEP_EXECUTION_ID=7
INSERT INTO BATCH_STEP_EXECUTION_CONTEXT VALUES(7,'{"map":{"entry":[{"string":"FlatFileItemWriter.current.count","long":52},{"string":"FlatFileItemWriter.written","long":4},{"string":"FlatFileItemReader.read.count","int":5}]}}',NULL)
COMMIT
SET AUTOCOMMIT TRUE
/*C11*/SET AUTOCOMMIT FALSE
DELETE FROM BATCH_STEP_EXECUTION WHERE STEP_EXECUTION_ID=7
INSERT INTO BATCH_STEP_EXECUTION VALUES(7,5,'fixedLengthToFixedLengthStep',7,'2014-02-11 14:36:25.081000000','2014-02-11 14:36:25.220000000','COMPLETED',3,4,0,4,0,0,0,0,'COMPLETED','','2014-02-11 14:36:25.247000000')
COMMIT
SET AUTOCOMMIT TRUE
/*C10*/SET AUTOCOMMIT FALSE
DELETE FROM BATCH_JOB_EXECUTION_CONTEXT WHERE JOB_EXECUTION_ID=7
INSERT INTO BATCH_JOB_EXECUTION_CONTEXT VALUES(7,'{"map":""}',NULL)
COMMIT
SET AUTOCOMMIT TRUE
/*C9*/SET AUTOCOMMIT FALSE
DELETE FROM BATCH_JOB_EXECUTION WHERE JOB_EXECUTION_ID=7
INSERT INTO BATCH_JOB_EXECUTION VALUES(7,2,7,'2014-02-11 14:36:25.034000000','2014-02-11 14:36:25.043000000','2014-02-11 14:36:25.270000000','COMPLETED','COMPLETED','','2014-02-11 14:36:25.273000000')
COMMIT
SET AUTOCOMMIT TRUE
/*C11*/DISCONNECT
/*C10*/DISCONNECT
/*C9*/DISCONNECT
/*C12*/SET SCHEMA PUBLIC
CONNECT USER SA
DISCONNECT
/*C13*/SET SCHEMA PUBLIC
CONNECT USER SA
SET AUTOCOMMIT FALSE
SET AUTOCOMMIT TRUE
SET AUTOCOMMIT FALSE
SET AUTOCOMMIT TRUE
SET AUTOCOMMIT FALSE
INSERT INTO BATCH_JOB_SEQ VALUES(8)
DELETE FROM BATCH_JOB_SEQ WHERE ID=7
INSERT INTO BATCH_JOB_INSTANCE VALUES(8,0,'fixedLengthToFixedLengthJob','578c0e89b768322a65af26f0102295ee')
INSERT INTO BATCH_JOB_PARAMS VALUES(8,'STRING','inputFile','classpath:/egovframework/batch/data/inputs/txtData.txt','1970-01-01 09:00:00.000000000',0,0.0E0)
INSERT INTO BATCH_JOB_PARAMS VALUES(8,'STRING','timestamp','1392097032118','1970-01-01 09:00:00.000000000',0,0.0E0)
INSERT INTO BATCH_JOB_PARAMS VALUES(8,'STRING','outputFile','file:C:\Users\SKCC07734/txtOutput.txt','1970-01-01 09:00:00.000000000',0,0.0E0)
INSERT INTO BATCH_JOB_EXECUTION_SEQ VALUES(8)
DELETE FROM BATCH_JOB_EXECUTION_SEQ WHERE ID=7
INSERT INTO BATCH_JOB_EXECUTION VALUES(8,0,8,'2014-02-11 14:37:12.197000000',NULL,NULL,'STARTING','UNKNOWN','','2014-02-11 14:37:12.197000000')
INSERT INTO BATCH_JOB_EXECUTION_CONTEXT VALUES(8,'{"map":""}',NULL)
COMMIT
SET AUTOCOMMIT TRUE
/*C14*/SET SCHEMA PUBLIC
CONNECT USER SA
SET AUTOCOMMIT FALSE
/*C15*/SET SCHEMA PUBLIC
CONNECT USER SA
/*C14*/DELETE FROM BATCH_JOB_EXECUTION WHERE JOB_EXECUTION_ID=8
INSERT INTO BATCH_JOB_EXECUTION VALUES(8,1,8,'2014-02-11 14:37:12.197000000','2014-02-11 14:37:12.298000000',NULL,'STARTED','UNKNOWN','','2014-02-11 14:37:12.305000000')
COMMIT
SET AUTOCOMMIT TRUE
/*C15*/SET AUTOCOMMIT FALSE
SET AUTOCOMMIT TRUE
/*C14*/SET AUTOCOMMIT FALSE
SET AUTOCOMMIT TRUE
/*C15*/SET AUTOCOMMIT FALSE
INSERT INTO BATCH_STEP_EXECUTION_SEQ VALUES(8)
DELETE FROM BATCH_STEP_EXECUTION_SEQ WHERE ID=7
INSERT INTO BATCH_STEP_EXECUTION VALUES(8,0,'fixedLengthToFixedLengthStep',8,'2014-02-11 14:37:12.346000000',NULL,'STARTING',0,0,0,0,0,0,0,0,'EXECUTING','','2014-02-11 14:37:12.348000000')
INSERT INTO BATCH_STEP_EXECUTION_CONTEXT VALUES(8,'{"map":""}',NULL)
COMMIT
SET AUTOCOMMIT TRUE
/*C14*/SET AUTOCOMMIT FALSE
DELETE FROM BATCH_STEP_EXECUTION WHERE STEP_EXECUTION_ID=8
INSERT INTO BATCH_STEP_EXECUTION VALUES(8,1,'fixedLengthToFixedLengthStep',8,'2014-02-11 14:37:12.359000000',NULL,'STARTED',0,0,0,0,0,0,0,0,'EXECUTING','','2014-02-11 14:37:12.359000000')
COMMIT
SET AUTOCOMMIT TRUE
/*C15*/SET AUTOCOMMIT FALSE
DELETE FROM BATCH_STEP_EXECUTION_CONTEXT WHERE STEP_EXECUTION_ID=8
INSERT INTO BATCH_STEP_EXECUTION_CONTEXT VALUES(8,'{"map":{"entry":[{"string":"FlatFileItemWriter.current.count","long":0},{"string":"FlatFileItemWriter.written","long":0},{"string":"FlatFileItemReader.read.count","int":0}]}}',NULL)
COMMIT
SET AUTOCOMMIT TRUE
/*C13*/SET AUTOCOMMIT FALSE
DELETE FROM BATCH_STEP_EXECUTION_CONTEXT WHERE STEP_EXECUTION_ID=8
INSERT INTO BATCH_STEP_EXECUTION_CONTEXT VALUES(8,'{"map":{"entry":[{"string":"FlatFileItemWriter.current.count","long":26},{"string":"FlatFileItemWriter.written","long":2},{"string":"FlatFileItemReader.read.count","int":2}]}}',NULL)
DELETE FROM BATCH_STEP_EXECUTION WHERE STEP_EXECUTION_ID=8
INSERT INTO BATCH_STEP_EXECUTION VALUES(8,2,'fixedLengthToFixedLengthStep',8,'2014-02-11 14:37:12.359000000',NULL,'STARTED',1,2,0,2,0,0,0,0,'EXECUTING','','2014-02-11 14:37:12.546000000')
COMMIT
SET AUTOCOMMIT TRUE
/*C14*/SET AUTOCOMMIT FALSE
DELETE FROM BATCH_STEP_EXECUTION_CONTEXT WHERE STEP_EXECUTION_ID=8
INSERT INTO BATCH_STEP_EXECUTION_CONTEXT VALUES(8,'{"map":{"entry":[{"string":"FlatFileItemWriter.current.count","long":52},{"string":"FlatFileItemWriter.written","long":4},{"string":"FlatFileItemReader.read.count","int":4}]}}',NULL)
DELETE FROM BATCH_STEP_EXECUTION WHERE STEP_EXECUTION_ID=8
INSERT INTO BATCH_STEP_EXECUTION VALUES(8,3,'fixedLengthToFixedLengthStep',8,'2014-02-11 14:37:12.359000000',NULL,'STARTED',2,4,0,4,0,0,0,0,'EXECUTING','','2014-02-11 14:37:12.569000000')
COMMIT
SET AUTOCOMMIT TRUE
/*C15*/SET AUTOCOMMIT FALSE
DELETE FROM BATCH_STEP_EXECUTION_CONTEXT WHERE STEP_EXECUTION_ID=8
INSERT INTO BATCH_STEP_EXECUTION_CONTEXT VALUES(8,'{"map":{"entry":[{"string":"FlatFileItemWriter.current.count","long":52},{"string":"FlatFileItemWriter.written","long":4},{"string":"FlatFileItemReader.read.count","int":5}]}}',NULL)
DELETE FROM BATCH_STEP_EXECUTION WHERE STEP_EXECUTION_ID=8
INSERT INTO BATCH_STEP_EXECUTION VALUES(8,4,'fixedLengthToFixedLengthStep',8,'2014-02-11 14:37:12.359000000',NULL,'STARTED',3,4,0,4,0,0,0,0,'EXECUTING','','2014-02-11 14:37:12.575000000')
COMMIT
SET AUTOCOMMIT TRUE
/*C13*/SET AUTOCOMMIT FALSE
DELETE FROM BATCH_STEP_EXECUTION_CONTEXT WHERE STEP_EXECUTION_ID=8
INSERT INTO BATCH_STEP_EXECUTION_CONTEXT VALUES(8,'{"map":{"entry":[{"string":"FlatFileItemWriter.current.count","long":52},{"string":"FlatFileItemWriter.written","long":4},{"string":"FlatFileItemReader.read.count","int":5}]}}',NULL)
COMMIT
SET AUTOCOMMIT TRUE
/*C14*/SET AUTOCOMMIT FALSE
DELETE FROM BATCH_STEP_EXECUTION WHERE STEP_EXECUTION_ID=8
INSERT INTO BATCH_STEP_EXECUTION VALUES(8,5,'fixedLengthToFixedLengthStep',8,'2014-02-11 14:37:12.359000000','2014-02-11 14:37:12.580000000','COMPLETED',3,4,0,4,0,0,0,0,'COMPLETED','','2014-02-11 14:37:12.580000000')
COMMIT
SET AUTOCOMMIT TRUE
/*C15*/SET AUTOCOMMIT FALSE
DELETE FROM BATCH_JOB_EXECUTION_CONTEXT WHERE JOB_EXECUTION_ID=8
INSERT INTO BATCH_JOB_EXECUTION_CONTEXT VALUES(8,'{"map":""}',NULL)
COMMIT
SET AUTOCOMMIT TRUE
/*C13*/SET AUTOCOMMIT FALSE
DELETE FROM BATCH_JOB_EXECUTION WHERE JOB_EXECUTION_ID=8
INSERT INTO BATCH_JOB_EXECUTION VALUES(8,2,8,'2014-02-11 14:37:12.197000000','2014-02-11 14:37:12.298000000','2014-02-11 14:37:12.591000000','COMPLETED','COMPLETED','','2014-02-11 14:37:12.592000000')
COMMIT
SET AUTOCOMMIT TRUE
/*C14*/SET AUTOCOMMIT FALSE
SET AUTOCOMMIT TRUE
/*C15*/SET AUTOCOMMIT FALSE
SET AUTOCOMMIT TRUE
/*C13*/SET AUTOCOMMIT FALSE
INSERT INTO BATCH_JOB_SEQ VALUES(9)
DELETE FROM BATCH_JOB_SEQ WHERE ID=8
INSERT INTO BATCH_JOB_INSTANCE VALUES(9,0,'fixedLengthToFixedLengthJob','7440f5ab73d5d0574ddeba180b4cf88c')
INSERT INTO BATCH_JOB_PARAMS VALUES(9,'STRING','inputFile','classpath:/egovframework/batch/data/inputs/txtData.txt','1970-01-01 09:00:00.000000000',0,0.0E0)
INSERT INTO BATCH_JOB_PARAMS VALUES(9,'STRING','timestamp','1392097036397','1970-01-01 09:00:00.000000000',0,0.0E0)
INSERT INTO BATCH_JOB_PARAMS VALUES(9,'STRING','outputFile','file:C:\Users\SKCC07734/txtOutput.txt','1970-01-01 09:00:00.000000000',0,0.0E0)
INSERT INTO BATCH_JOB_EXECUTION_SEQ VALUES(9)
DELETE FROM BATCH_JOB_EXECUTION_SEQ WHERE ID=8
INSERT INTO BATCH_JOB_EXECUTION VALUES(9,0,9,'2014-02-11 14:37:16.415000000',NULL,NULL,'STARTING','UNKNOWN','','2014-02-11 14:37:16.415000000')
INSERT INTO BATCH_JOB_EXECUTION_CONTEXT VALUES(9,'{"map":""}',NULL)
COMMIT
SET AUTOCOMMIT TRUE
/*C15*/SET AUTOCOMMIT FALSE
DELETE FROM BATCH_JOB_EXECUTION WHERE JOB_EXECUTION_ID=9
INSERT INTO BATCH_JOB_EXECUTION VALUES(9,1,9,'2014-02-11 14:37:16.415000000','2014-02-11 14:37:16.425000000',NULL,'STARTED','UNKNOWN','','2014-02-11 14:37:16.426000000')
COMMIT
SET AUTOCOMMIT TRUE
SET AUTOCOMMIT FALSE
SET AUTOCOMMIT TRUE
/*C13*/SET AUTOCOMMIT FALSE
SET AUTOCOMMIT TRUE
/*C15*/SET AUTOCOMMIT FALSE
INSERT INTO BATCH_STEP_EXECUTION_SEQ VALUES(9)
DELETE FROM BATCH_STEP_EXECUTION_SEQ WHERE ID=8
INSERT INTO BATCH_STEP_EXECUTION VALUES(9,0,'fixedLengthToFixedLengthStep',9,'2014-02-11 14:37:16.438000000',NULL,'STARTING',0,0,0,0,0,0,0,0,'EXECUTING','','2014-02-11 14:37:16.438000000')
INSERT INTO BATCH_STEP_EXECUTION_CONTEXT VALUES(9,'{"map":""}',NULL)
COMMIT
SET AUTOCOMMIT TRUE
/*C13*/SET AUTOCOMMIT FALSE
DELETE FROM BATCH_STEP_EXECUTION WHERE STEP_EXECUTION_ID=9
INSERT INTO BATCH_STEP_EXECUTION VALUES(9,1,'fixedLengthToFixedLengthStep',9,'2014-02-11 14:37:16.444000000',NULL,'STARTED',0,0,0,0,0,0,0,0,'EXECUTING','','2014-02-11 14:37:16.445000000')
COMMIT
SET AUTOCOMMIT TRUE
/*C15*/SET AUTOCOMMIT FALSE
DELETE FROM BATCH_STEP_EXECUTION_CONTEXT WHERE STEP_EXECUTION_ID=9
INSERT INTO BATCH_STEP_EXECUTION_CONTEXT VALUES(9,'{"map":{"entry":[{"string":"FlatFileItemWriter.current.count","long":0},{"string":"FlatFileItemWriter.written","long":0},{"string":"FlatFileItemReader.read.count","int":0}]}}',NULL)
COMMIT
SET AUTOCOMMIT TRUE
/*C14*/SET AUTOCOMMIT FALSE
DELETE FROM BATCH_STEP_EXECUTION_CONTEXT WHERE STEP_EXECUTION_ID=9
INSERT INTO BATCH_STEP_EXECUTION_CONTEXT VALUES(9,'{"map":{"entry":[{"string":"FlatFileItemWriter.current.count","long":26},{"string":"FlatFileItemWriter.written","long":2},{"string":"FlatFileItemReader.read.count","int":2}]}}',NULL)
DELETE FROM BATCH_STEP_EXECUTION WHERE STEP_EXECUTION_ID=9
INSERT INTO BATCH_STEP_EXECUTION VALUES(9,2,'fixedLengthToFixedLengthStep',9,'2014-02-11 14:37:16.444000000',NULL,'STARTED',1,2,0,2,0,0,0,0,'EXECUTING','','2014-02-11 14:37:16.467000000')
COMMIT
SET AUTOCOMMIT TRUE
/*C13*/SET AUTOCOMMIT FALSE
DELETE FROM BATCH_STEP_EXECUTION_CONTEXT WHERE STEP_EXECUTION_ID=9
INSERT INTO BATCH_STEP_EXECUTION_CONTEXT VALUES(9,'{"map":{"entry":[{"string":"FlatFileItemWriter.current.count","long":52},{"string":"FlatFileItemWriter.written","long":4},{"string":"FlatFileItemReader.read.count","int":4}]}}',NULL)
DELETE FROM BATCH_STEP_EXECUTION WHERE STEP_EXECUTION_ID=9
INSERT INTO BATCH_STEP_EXECUTION VALUES(9,3,'fixedLengthToFixedLengthStep',9,'2014-02-11 14:37:16.444000000',NULL,'STARTED',2,4,0,4,0,0,0,0,'EXECUTING','','2014-02-11 14:37:16.473000000')
COMMIT
SET AUTOCOMMIT TRUE
/*C15*/SET AUTOCOMMIT FALSE
DELETE FROM BATCH_STEP_EXECUTION_CONTEXT WHERE STEP_EXECUTION_ID=9
INSERT INTO BATCH_STEP_EXECUTION_CONTEXT VALUES(9,'{"map":{"entry":[{"string":"FlatFileItemWriter.current.count","long":52},{"string":"FlatFileItemWriter.written","long":4},{"string":"FlatFileItemReader.read.count","int":5}]}}',NULL)
DELETE FROM BATCH_STEP_EXECUTION WHERE STEP_EXECUTION_ID=9
INSERT INTO BATCH_STEP_EXECUTION VALUES(9,4,'fixedLengthToFixedLengthStep',9,'2014-02-11 14:37:16.444000000',NULL,'STARTED',3,4,0,4,0,0,0,0,'EXECUTING','','2014-02-11 14:37:16.484000000')
COMMIT
SET AUTOCOMMIT TRUE
/*C14*/SET AUTOCOMMIT FALSE
DELETE FROM BATCH_STEP_EXECUTION_CONTEXT WHERE STEP_EXECUTION_ID=9
INSERT INTO BATCH_STEP_EXECUTION_CONTEXT VALUES(9,'{"map":{"entry":[{"string":"FlatFileItemWriter.current.count","long":52},{"string":"FlatFileItemWriter.written","long":4},{"string":"FlatFileItemReader.read.count","int":5}]}}',NULL)
COMMIT
SET AUTOCOMMIT TRUE
/*C13*/SET AUTOCOMMIT FALSE
DELETE FROM BATCH_STEP_EXECUTION WHERE STEP_EXECUTION_ID=9
INSERT INTO BATCH_STEP_EXECUTION VALUES(9,5,'fixedLengthToFixedLengthStep',9,'2014-02-11 14:37:16.444000000','2014-02-11 14:37:16.489000000','COMPLETED',3,4,0,4,0,0,0,0,'COMPLETED','','2014-02-11 14:37:16.489000000')
COMMIT
SET AUTOCOMMIT TRUE
/*C15*/SET AUTOCOMMIT FALSE
DELETE FROM BATCH_JOB_EXECUTION_CONTEXT WHERE JOB_EXECUTION_ID=9
INSERT INTO BATCH_JOB_EXECUTION_CONTEXT VALUES(9,'{"map":""}',NULL)
COMMIT
SET AUTOCOMMIT TRUE
/*C14*/SET AUTOCOMMIT FALSE
DELETE FROM BATCH_JOB_EXECUTION WHERE JOB_EXECUTION_ID=9
INSERT INTO BATCH_JOB_EXECUTION VALUES(9,2,9,'2014-02-11 14:37:16.415000000','2014-02-11 14:37:16.425000000','2014-02-11 14:37:16.499000000','COMPLETED','COMPLETED','','2014-02-11 14:37:16.500000000')
COMMIT
SET AUTOCOMMIT TRUE
/*C13*/SET AUTOCOMMIT FALSE
SET AUTOCOMMIT TRUE
/*C15*/SET AUTOCOMMIT FALSE
SET AUTOCOMMIT TRUE
/*C14*/SET AUTOCOMMIT FALSE
INSERT INTO BATCH_JOB_SEQ VALUES(10)
DELETE FROM BATCH_JOB_SEQ WHERE ID=9
INSERT INTO BATCH_JOB_INSTANCE VALUES(10,0,'fixedLengthToJdbcJob','6a4ea7fbadabdcc51b77e1f1bbf9743e')
INSERT INTO BATCH_JOB_PARAMS VALUES(10,'STRING','inputFile','classpath:/egovframework/batch/data/inputs/txtData.txt','1970-01-01 09:00:00.000000000',0,0.0E0)
INSERT INTO BATCH_JOB_PARAMS VALUES(10,'STRING','timestamp','1392097039333','1970-01-01 09:00:00.000000000',0,0.0E0)
INSERT INTO BATCH_JOB_EXECUTION_SEQ VALUES(10)
DELETE FROM BATCH_JOB_EXECUTION_SEQ WHERE ID=9
INSERT INTO BATCH_JOB_EXECUTION VALUES(10,0,10,'2014-02-11 14:37:19.349000000',NULL,NULL,'STARTING','UNKNOWN','','2014-02-11 14:37:19.349000000')
INSERT INTO BATCH_JOB_EXECUTION_CONTEXT VALUES(10,'{"map":""}',NULL)
COMMIT
SET AUTOCOMMIT TRUE
/*C15*/SET AUTOCOMMIT FALSE
DELETE FROM BATCH_JOB_EXECUTION WHERE JOB_EXECUTION_ID=10
INSERT INTO BATCH_JOB_EXECUTION VALUES(10,1,10,'2014-02-11 14:37:19.349000000','2014-02-11 14:37:19.354000000',NULL,'STARTED','UNKNOWN','','2014-02-11 14:37:19.355000000')
COMMIT
SET AUTOCOMMIT TRUE
/*C14*/SET AUTOCOMMIT FALSE
SET AUTOCOMMIT TRUE
/*C15*/SET AUTOCOMMIT FALSE
SET AUTOCOMMIT TRUE
/*C13*/SET AUTOCOMMIT FALSE
INSERT INTO BATCH_STEP_EXECUTION_SEQ VALUES(10)
DELETE FROM BATCH_STEP_EXECUTION_SEQ WHERE ID=9
INSERT INTO BATCH_STEP_EXECUTION VALUES(10,0,'fixedLengthToJdbcStep',10,'2014-02-11 14:37:19.365000000',NULL,'STARTING',0,0,0,0,0,0,0,0,'EXECUTING','','2014-02-11 14:37:19.366000000')
INSERT INTO BATCH_STEP_EXECUTION_CONTEXT VALUES(10,'{"map":""}',NULL)
COMMIT
SET AUTOCOMMIT TRUE
/*C15*/SET AUTOCOMMIT FALSE
DELETE FROM BATCH_STEP_EXECUTION WHERE STEP_EXECUTION_ID=10
INSERT INTO BATCH_STEP_EXECUTION VALUES(10,1,'fixedLengthToJdbcStep',10,'2014-02-11 14:37:19.370000000',NULL,'STARTED',0,0,0,0,0,0,0,0,'EXECUTING','','2014-02-11 14:37:19.371000000')
COMMIT
SET AUTOCOMMIT TRUE
/*C14*/SET AUTOCOMMIT FALSE
DELETE FROM BATCH_STEP_EXECUTION_CONTEXT WHERE STEP_EXECUTION_ID=10
INSERT INTO BATCH_STEP_EXECUTION_CONTEXT VALUES(10,'{"map":{"entry":{"string":"FlatFileItemReader.read.count","int":0}}}',NULL)
COMMIT
SET AUTOCOMMIT TRUE
/*C13*/SET AUTOCOMMIT FALSE
DELETE FROM CUSTOMER WHERE ID=1
INSERT INTO CUSTOMER VALUES(1,0,'customer1',20)
DELETE FROM CUSTOMER WHERE ID=2
INSERT INTO CUSTOMER VALUES(2,0,'customer2',30)
DELETE FROM BATCH_STEP_EXECUTION_CONTEXT WHERE STEP_EXECUTION_ID=10
INSERT INTO BATCH_STEP_EXECUTION_CONTEXT VALUES(10,'{"map":{"entry":{"string":"FlatFileItemReader.read.count","int":2}}}',NULL)
DELETE FROM BATCH_STEP_EXECUTION WHERE STEP_EXECUTION_ID=10
INSERT INTO BATCH_STEP_EXECUTION VALUES(10,2,'fixedLengthToJdbcStep',10,'2014-02-11 14:37:19.370000000',NULL,'STARTED',1,2,0,2,0,0,0,0,'EXECUTING','','2014-02-11 14:37:19.387000000')
COMMIT
SET AUTOCOMMIT TRUE
/*C15*/SET AUTOCOMMIT FALSE
DELETE FROM CUSTOMER WHERE ID=3
INSERT INTO CUSTOMER VALUES(3,0,'customer3',40)
DELETE FROM CUSTOMER WHERE ID=4
INSERT INTO CUSTOMER VALUES(4,0,'customer4',50)
DELETE FROM BATCH_STEP_EXECUTION_CONTEXT WHERE STEP_EXECUTION_ID=10
INSERT INTO BATCH_STEP_EXECUTION_CONTEXT VALUES(10,'{"map":{"entry":{"string":"FlatFileItemReader.read.count","int":4}}}',NULL)
DELETE FROM BATCH_STEP_EXECUTION WHERE STEP_EXECUTION_ID=10
INSERT INTO BATCH_STEP_EXECUTION VALUES(10,3,'fixedLengthToJdbcStep',10,'2014-02-11 14:37:19.370000000',NULL,'STARTED',2,4,0,4,0,0,0,0,'EXECUTING','','2014-02-11 14:37:19.395000000')
COMMIT
SET AUTOCOMMIT TRUE
/*C14*/SET AUTOCOMMIT FALSE
DELETE FROM BATCH_STEP_EXECUTION_CONTEXT WHERE STEP_EXECUTION_ID=10
INSERT INTO BATCH_STEP_EXECUTION_CONTEXT VALUES(10,'{"map":{"entry":{"string":"FlatFileItemReader.read.count","int":5}}}',NULL)
DELETE FROM BATCH_STEP_EXECUTION WHERE STEP_EXECUTION_ID=10
INSERT INTO BATCH_STEP_EXECUTION VALUES(10,4,'fixedLengthToJdbcStep',10,'2014-02-11 14:37:19.370000000',NULL,'STARTED',3,4,0,4,0,0,0,0,'EXECUTING','','2014-02-11 14:37:19.401000000')
COMMIT
SET AUTOCOMMIT TRUE
/*C13*/SET AUTOCOMMIT FALSE
DELETE FROM BATCH_STEP_EXECUTION_CONTEXT WHERE STEP_EXECUTION_ID=10
INSERT INTO BATCH_STEP_EXECUTION_CONTEXT VALUES(10,'{"map":{"entry":{"string":"FlatFileItemReader.read.count","int":5}}}',NULL)
COMMIT
SET AUTOCOMMIT TRUE
/*C15*/SET AUTOCOMMIT FALSE
DELETE FROM BATCH_STEP_EXECUTION WHERE STEP_EXECUTION_ID=10
INSERT INTO BATCH_STEP_EXECUTION VALUES(10,5,'fixedLengthToJdbcStep',10,'2014-02-11 14:37:19.370000000','2014-02-11 14:37:19.406000000','COMPLETED',3,4,0,4,0,0,0,0,'COMPLETED','','2014-02-11 14:37:19.406000000')
COMMIT
SET AUTOCOMMIT TRUE
/*C14*/SET AUTOCOMMIT FALSE
DELETE FROM BATCH_JOB_EXECUTION_CONTEXT WHERE JOB_EXECUTION_ID=10
INSERT INTO BATCH_JOB_EXECUTION_CONTEXT VALUES(10,'{"map":""}',NULL)
COMMIT
SET AUTOCOMMIT TRUE
/*C13*/SET AUTOCOMMIT FALSE
DELETE FROM BATCH_JOB_EXECUTION WHERE JOB_EXECUTION_ID=10
INSERT INTO BATCH_JOB_EXECUTION VALUES(10,2,10,'2014-02-11 14:37:19.349000000','2014-02-11 14:37:19.354000000','2014-02-11 14:37:19.411000000','COMPLETED','COMPLETED','','2014-02-11 14:37:19.412000000')
COMMIT
SET AUTOCOMMIT TRUE
/*C15*/DISCONNECT
/*C14*/DISCONNECT
/*C13*/DISCONNECT
/*C16*/SET SCHEMA PUBLIC
CONNECT USER SA
DISCONNECT
/*C17*/SET SCHEMA PUBLIC
CONNECT USER SA
/*C18*/SET SCHEMA PUBLIC
CONNECT USER SA
/*C17*/DISCONNECT
/*C18*/DISCONNECT
