/*C7*/SET SCHEMA PUBLIC
CONNECT USER SA
DISCONNECT
/*C8*/SET SCHEMA PUBLIC
CONNECT USER SA
SET AUTOCOMMIT FALSE
drop table jobhist IF EXISTS
\u000adrop table emp IF EXISTS
\u000adrop table dept IF EXISTS
\u000adrop table dual IF EXISTS
\u000adrop sequence empseq IF EXISTS
\u000aCREATE SEQUENCE empseq START WITH 8000
\u000aCREATE TABLE dual (\u000a    dummy        VARCHAR(1) PRIMARY KEY\u000a)
\u000aCREATE TABLE dept (\u000a    dept_no          NUMERIC(2) NOT NULL,\u000a    dept_name        VARCHAR(14),\u000a    loc             VARCHAR(13),\u000a    CONSTRAINT dept_pk PRIMARY KEY (dept_no),\u000a    CONSTRAINT dept_name_uq UNIQUE (dept_name)\u000a)
\u000aCREATE TABLE emp (\u000a    emp_no          NUMERIC(4) NOT NULL,\u000a    emp_name        VARCHAR(10),\u000a    job             VARCHAR(9),\u000a    mgr             NUMERIC(4),\u000a    hire_date       DATE,\u000a    sal             NUMERIC(7,2),\u000a    comm            NUMERIC(7,2),\u000a    dept_no         NUMERIC(2),\u000a\u0009CONSTRAINT emp_pk PRIMARY KEY (emp_no),\u000a\u0009CONSTRAINT emp_sal_ck CHECK (sal > 0),\u000a\u0009CONSTRAINT emp_ref_dept_fk FOREIGN KEY (dept_no) REFERENCES dept(dept_no)\u000a)
\u000aCREATE TABLE jobhist (\u000a    emp_no           NUMERIC(4) NOT NULL,\u000a    start_date       DATE NOT NULL,\u000a    end_date         DATE,\u000a    job             VARCHAR(9),\u000a    sal             NUMERIC(7,2),\u000a    comm            NUMERIC(7,2),\u000a    dept_no          NUMERIC(2),\u000a    chg_desc         VARCHAR(80),\u000a    CONSTRAINT jobhist_pk PRIMARY KEY (emp_no, start_date),\u000a    CONSTRAINT jobhist_ref_emp_fk FOREIGN KEY (emp_no)\u000a        REFERENCES emp(emp_no) ON DELETE CASCADE,\u000a    CONSTRAINT jobhist_ref_dept_fk FOREIGN KEY (dept_no)\u000a        REFERENCES dept (dept_no) ON DELETE SET NULL,\u000a\u0009CONSTRAINT jobhist_date_chk CHECK (start_date <= end_date)\u000a)
INSERT INTO DUAL VALUES('X')
INSERT INTO DEPT VALUES(10,'ACCOUNTING','NEW YORK')
INSERT INTO DEPT VALUES(20,'RESEARCH','DALLAS')
INSERT INTO DEPT VALUES(30,'SALES','CHICAGO')
INSERT INTO DEPT VALUES(40,'OPERATIONS','BOSTON')
INSERT INTO EMP VALUES(7369,'SMITH','CLERK',7902,'1980-12-17',800,NULL,20)
INSERT INTO EMP VALUES(7499,'ALLEN','SALESMAN',7698,'1981-02-20',1600,300,30)
INSERT INTO EMP VALUES(7521,'WARD','SALESMAN',7698,'1981-02-22',1250,500,30)
INSERT INTO EMP VALUES(7566,'JONES','MANAGER',7839,'1981-04-02',2975,NULL,20)
INSERT INTO EMP VALUES(7654,'MARTIN','SALESMAN',7698,'1981-09-28',1250,1400,30)
INSERT INTO EMP VALUES(7698,'BLAKE','MANAGER',7839,'1981-05-01',2850,NULL,30)
INSERT INTO EMP VALUES(7782,'CLARK','MANAGER',7839,'1981-06-09',2450,NULL,10)
INSERT INTO EMP VALUES(7788,'SCOTT','ANALYST',7566,'1987-04-19',3000,NULL,20)
INSERT INTO EMP VALUES(7839,'KING','PRESIDENT',NULL,'1981-11-17',5000,NULL,10)
INSERT INTO EMP VALUES(7844,'TURNER','SALESMAN',7698,'1981-09-08',1500,0,30)
INSERT INTO EMP VALUES(7876,'ADAMS','CLERK',7788,'1987-05-23',1100,NULL,20)
INSERT INTO EMP VALUES(7900,'JAMES','CLERK',7698,'1981-12-03',950,NULL,30)
INSERT INTO EMP VALUES(7902,'FORD','ANALYST',7566,'1981-12-03',3000,NULL,20)
INSERT INTO EMP VALUES(7934,'MILLER','CLERK',7782,'1982-01-23',1300,NULL,10)
INSERT INTO JOBHIST VALUES(7369,'1980-12-17',NULL,'CLERK',800,NULL,20,'New Hire')
INSERT INTO JOBHIST VALUES(7499,'1981-02-20',NULL,'SALESMAN',1600,300,30,'New Hire')
INSERT INTO JOBHIST VALUES(7521,'1981-02-22',NULL,'SALESMAN',1250,500,30,'New Hire')
INSERT INTO JOBHIST VALUES(7566,'1981-04-02',NULL,'MANAGER',2975,NULL,20,'New Hire')
INSERT INTO JOBHIST VALUES(7654,'1981-09-28',NULL,'SALESMAN',1250,1400,30,'New Hire')
INSERT INTO JOBHIST VALUES(7698,'1981-05-01',NULL,'MANAGER',2850,NULL,30,'New Hire')
INSERT INTO JOBHIST VALUES(7782,'1981-06-09',NULL,'MANAGER',2450,NULL,10,'New Hire')
INSERT INTO JOBHIST VALUES(7788,'1987-04-19','1988-04-12','CLERK',1000,NULL,20,'New Hire')
INSERT INTO JOBHIST VALUES(7788,'1988-04-13','1989-05-04','CLERK',1040,NULL,20,'Raise')
INSERT INTO JOBHIST VALUES(7788,'1990-05-05',NULL,'ANALYST',3000,NULL,20,'Promoted to Analyst')
INSERT INTO JOBHIST VALUES(7839,'1981-11-17',NULL,'PRESIDENT',5000,NULL,10,'New Hire')
INSERT INTO JOBHIST VALUES(7844,'1981-09-08',NULL,'SALESMAN',1500,0,30,'New Hire')
INSERT INTO JOBHIST VALUES(7876,'1987-05-23',NULL,'CLERK',1100,NULL,20,'New Hire')
INSERT INTO JOBHIST VALUES(7900,'1981-12-03','1983-01-14','CLERK',950,NULL,10,'New Hire')
INSERT INTO JOBHIST VALUES(7900,'1983-01-15',NULL,'CLERK',950,NULL,30,'Changed to Dept 30')
INSERT INTO JOBHIST VALUES(7902,'1981-12-03',NULL,'ANALYST',3000,NULL,20,'New Hire')
INSERT INTO JOBHIST VALUES(7934,'1982-01-23',NULL,'CLERK',1300,NULL,10,'New Hire')
COMMIT
/*C9*/SET SCHEMA PUBLIC
CONNECT USER SA
ALTER SEQUENCE EMPSEQ RESTART WITH 8001
/*C8*/INSERT INTO EMP VALUES(8000,'\ud64d\uae38\ub3d9','\uac1c\ubc1c\uc790',7902,'2009-07-09',1000,0,20)
COMMIT
SET AUTOCOMMIT TRUE
SET AUTOCOMMIT FALSE
drop table jobhist IF EXISTS
\u000adrop table emp IF EXISTS
\u000adrop table dept IF EXISTS
\u000adrop table dual IF EXISTS
\u000adrop sequence empseq IF EXISTS
\u000aCREATE SEQUENCE empseq START WITH 8000
\u000aCREATE TABLE dual (\u000a    dummy        VARCHAR(1) PRIMARY KEY\u000a)
\u000aCREATE TABLE dept (\u000a    dept_no          NUMERIC(2) NOT NULL,\u000a    dept_name        VARCHAR(14),\u000a    loc             VARCHAR(13),\u000a    CONSTRAINT dept_pk PRIMARY KEY (dept_no),\u000a    CONSTRAINT dept_name_uq UNIQUE (dept_name)\u000a)
\u000aCREATE TABLE emp (\u000a    emp_no          NUMERIC(4) NOT NULL,\u000a    emp_name        VARCHAR(10),\u000a    job             VARCHAR(9),\u000a    mgr             NUMERIC(4),\u000a    hire_date       DATE,\u000a    sal             NUMERIC(7,2),\u000a    comm            NUMERIC(7,2),\u000a    dept_no         NUMERIC(2),\u000a\u0009CONSTRAINT emp_pk PRIMARY KEY (emp_no),\u000a\u0009CONSTRAINT emp_sal_ck CHECK (sal > 0),\u000a\u0009CONSTRAINT emp_ref_dept_fk FOREIGN KEY (dept_no) REFERENCES dept(dept_no)\u000a)
\u000aCREATE TABLE jobhist (\u000a    emp_no           NUMERIC(4) NOT NULL,\u000a    start_date       DATE NOT NULL,\u000a    end_date         DATE,\u000a    job             VARCHAR(9),\u000a    sal             NUMERIC(7,2),\u000a    comm            NUMERIC(7,2),\u000a    dept_no          NUMERIC(2),\u000a    chg_desc         VARCHAR(80),\u000a    CONSTRAINT jobhist_pk PRIMARY KEY (emp_no, start_date),\u000a    CONSTRAINT jobhist_ref_emp_fk FOREIGN KEY (emp_no)\u000a        REFERENCES emp(emp_no) ON DELETE CASCADE,\u000a    CONSTRAINT jobhist_ref_dept_fk FOREIGN KEY (dept_no)\u000a        REFERENCES dept (dept_no) ON DELETE SET NULL,\u000a\u0009CONSTRAINT jobhist_date_chk CHECK (start_date <= end_date)\u000a)
INSERT INTO DUAL VALUES('X')
INSERT INTO DEPT VALUES(10,'ACCOUNTING','NEW YORK')
INSERT INTO DEPT VALUES(20,'RESEARCH','DALLAS')
INSERT INTO DEPT VALUES(30,'SALES','CHICAGO')
INSERT INTO DEPT VALUES(40,'OPERATIONS','BOSTON')
INSERT INTO EMP VALUES(7369,'SMITH','CLERK',7902,'1980-12-17',800,NULL,20)
INSERT INTO EMP VALUES(7499,'ALLEN','SALESMAN',7698,'1981-02-20',1600,300,30)
INSERT INTO EMP VALUES(7521,'WARD','SALESMAN',7698,'1981-02-22',1250,500,30)
INSERT INTO EMP VALUES(7566,'JONES','MANAGER',7839,'1981-04-02',2975,NULL,20)
INSERT INTO EMP VALUES(7654,'MARTIN','SALESMAN',7698,'1981-09-28',1250,1400,30)
INSERT INTO EMP VALUES(7698,'BLAKE','MANAGER',7839,'1981-05-01',2850,NULL,30)
INSERT INTO EMP VALUES(7782,'CLARK','MANAGER',7839,'1981-06-09',2450,NULL,10)
INSERT INTO EMP VALUES(7788,'SCOTT','ANALYST',7566,'1987-04-19',3000,NULL,20)
INSERT INTO EMP VALUES(7839,'KING','PRESIDENT',NULL,'1981-11-17',5000,NULL,10)
INSERT INTO EMP VALUES(7844,'TURNER','SALESMAN',7698,'1981-09-08',1500,0,30)
INSERT INTO EMP VALUES(7876,'ADAMS','CLERK',7788,'1987-05-23',1100,NULL,20)
INSERT INTO EMP VALUES(7900,'JAMES','CLERK',7698,'1981-12-03',950,NULL,30)
INSERT INTO EMP VALUES(7902,'FORD','ANALYST',7566,'1981-12-03',3000,NULL,20)
INSERT INTO EMP VALUES(7934,'MILLER','CLERK',7782,'1982-01-23',1300,NULL,10)
INSERT INTO JOBHIST VALUES(7369,'1980-12-17',NULL,'CLERK',800,NULL,20,'New Hire')
INSERT INTO JOBHIST VALUES(7499,'1981-02-20',NULL,'SALESMAN',1600,300,30,'New Hire')
INSERT INTO JOBHIST VALUES(7521,'1981-02-22',NULL,'SALESMAN',1250,500,30,'New Hire')
INSERT INTO JOBHIST VALUES(7566,'1981-04-02',NULL,'MANAGER',2975,NULL,20,'New Hire')
INSERT INTO JOBHIST VALUES(7654,'1981-09-28',NULL,'SALESMAN',1250,1400,30,'New Hire')
INSERT INTO JOBHIST VALUES(7698,'1981-05-01',NULL,'MANAGER',2850,NULL,30,'New Hire')
INSERT INTO JOBHIST VALUES(7782,'1981-06-09',NULL,'MANAGER',2450,NULL,10,'New Hire')
INSERT INTO JOBHIST VALUES(7788,'1987-04-19','1988-04-12','CLERK',1000,NULL,20,'New Hire')
INSERT INTO JOBHIST VALUES(7788,'1988-04-13','1989-05-04','CLERK',1040,NULL,20,'Raise')
INSERT INTO JOBHIST VALUES(7788,'1990-05-05',NULL,'ANALYST',3000,NULL,20,'Promoted to Analyst')
INSERT INTO JOBHIST VALUES(7839,'1981-11-17',NULL,'PRESIDENT',5000,NULL,10,'New Hire')
INSERT INTO JOBHIST VALUES(7844,'1981-09-08',NULL,'SALESMAN',1500,0,30,'New Hire')
INSERT INTO JOBHIST VALUES(7876,'1987-05-23',NULL,'CLERK',1100,NULL,20,'New Hire')
INSERT INTO JOBHIST VALUES(7900,'1981-12-03','1983-01-14','CLERK',950,NULL,10,'New Hire')
INSERT INTO JOBHIST VALUES(7900,'1983-01-15',NULL,'CLERK',950,NULL,30,'Changed to Dept 30')
INSERT INTO JOBHIST VALUES(7902,'1981-12-03',NULL,'ANALYST',3000,NULL,20,'New Hire')
INSERT INTO JOBHIST VALUES(7934,'1982-01-23',NULL,'CLERK',1300,NULL,10,'New Hire')
COMMIT
/*C9*/ALTER SEQUENCE EMPSEQ RESTART WITH 8001
/*C8*/INSERT INTO EMP VALUES(8000,'\ud64d\uae38\ub3d9','\uac1c\ubc1c\uc790',7902,'2009-07-09',1000,0,20)
DELETE FROM EMP WHERE EMP_NO=8000
INSERT INTO EMP VALUES(8000,'\ud64d\uae38\uc21c','\uc124\uacc4\uc790',7902,'2009-07-09',1000,0,20)
COMMIT
SET AUTOCOMMIT TRUE
SET AUTOCOMMIT FALSE
drop table jobhist IF EXISTS
\u000adrop table emp IF EXISTS
\u000adrop table dept IF EXISTS
\u000adrop table dual IF EXISTS
\u000adrop sequence empseq IF EXISTS
\u000aCREATE SEQUENCE empseq START WITH 8000
\u000aCREATE TABLE dual (\u000a    dummy        VARCHAR(1) PRIMARY KEY\u000a)
\u000aCREATE TABLE dept (\u000a    dept_no          NUMERIC(2) NOT NULL,\u000a    dept_name        VARCHAR(14),\u000a    loc             VARCHAR(13),\u000a    CONSTRAINT dept_pk PRIMARY KEY (dept_no),\u000a    CONSTRAINT dept_name_uq UNIQUE (dept_name)\u000a)
\u000aCREATE TABLE emp (\u000a    emp_no          NUMERIC(4) NOT NULL,\u000a    emp_name        VARCHAR(10),\u000a    job             VARCHAR(9),\u000a    mgr             NUMERIC(4),\u000a    hire_date       DATE,\u000a    sal             NUMERIC(7,2),\u000a    comm            NUMERIC(7,2),\u000a    dept_no         NUMERIC(2),\u000a\u0009CONSTRAINT emp_pk PRIMARY KEY (emp_no),\u000a\u0009CONSTRAINT emp_sal_ck CHECK (sal > 0),\u000a\u0009CONSTRAINT emp_ref_dept_fk FOREIGN KEY (dept_no) REFERENCES dept(dept_no)\u000a)
\u000aCREATE TABLE jobhist (\u000a    emp_no           NUMERIC(4) NOT NULL,\u000a    start_date       DATE NOT NULL,\u000a    end_date         DATE,\u000a    job             VARCHAR(9),\u000a    sal             NUMERIC(7,2),\u000a    comm            NUMERIC(7,2),\u000a    dept_no          NUMERIC(2),\u000a    chg_desc         VARCHAR(80),\u000a    CONSTRAINT jobhist_pk PRIMARY KEY (emp_no, start_date),\u000a    CONSTRAINT jobhist_ref_emp_fk FOREIGN KEY (emp_no)\u000a        REFERENCES emp(emp_no) ON DELETE CASCADE,\u000a    CONSTRAINT jobhist_ref_dept_fk FOREIGN KEY (dept_no)\u000a        REFERENCES dept (dept_no) ON DELETE SET NULL,\u000a\u0009CONSTRAINT jobhist_date_chk CHECK (start_date <= end_date)\u000a)
INSERT INTO DUAL VALUES('X')
INSERT INTO DEPT VALUES(10,'ACCOUNTING','NEW YORK')
INSERT INTO DEPT VALUES(20,'RESEARCH','DALLAS')
INSERT INTO DEPT VALUES(30,'SALES','CHICAGO')
INSERT INTO DEPT VALUES(40,'OPERATIONS','BOSTON')
INSERT INTO EMP VALUES(7369,'SMITH','CLERK',7902,'1980-12-17',800,NULL,20)
INSERT INTO EMP VALUES(7499,'ALLEN','SALESMAN',7698,'1981-02-20',1600,300,30)
INSERT INTO EMP VALUES(7521,'WARD','SALESMAN',7698,'1981-02-22',1250,500,30)
INSERT INTO EMP VALUES(7566,'JONES','MANAGER',7839,'1981-04-02',2975,NULL,20)
INSERT INTO EMP VALUES(7654,'MARTIN','SALESMAN',7698,'1981-09-28',1250,1400,30)
INSERT INTO EMP VALUES(7698,'BLAKE','MANAGER',7839,'1981-05-01',2850,NULL,30)
INSERT INTO EMP VALUES(7782,'CLARK','MANAGER',7839,'1981-06-09',2450,NULL,10)
INSERT INTO EMP VALUES(7788,'SCOTT','ANALYST',7566,'1987-04-19',3000,NULL,20)
INSERT INTO EMP VALUES(7839,'KING','PRESIDENT',NULL,'1981-11-17',5000,NULL,10)
INSERT INTO EMP VALUES(7844,'TURNER','SALESMAN',7698,'1981-09-08',1500,0,30)
INSERT INTO EMP VALUES(7876,'ADAMS','CLERK',7788,'1987-05-23',1100,NULL,20)
INSERT INTO EMP VALUES(7900,'JAMES','CLERK',7698,'1981-12-03',950,NULL,30)
INSERT INTO EMP VALUES(7902,'FORD','ANALYST',7566,'1981-12-03',3000,NULL,20)
INSERT INTO EMP VALUES(7934,'MILLER','CLERK',7782,'1982-01-23',1300,NULL,10)
INSERT INTO JOBHIST VALUES(7369,'1980-12-17',NULL,'CLERK',800,NULL,20,'New Hire')
INSERT INTO JOBHIST VALUES(7499,'1981-02-20',NULL,'SALESMAN',1600,300,30,'New Hire')
INSERT INTO JOBHIST VALUES(7521,'1981-02-22',NULL,'SALESMAN',1250,500,30,'New Hire')
INSERT INTO JOBHIST VALUES(7566,'1981-04-02',NULL,'MANAGER',2975,NULL,20,'New Hire')
INSERT INTO JOBHIST VALUES(7654,'1981-09-28',NULL,'SALESMAN',1250,1400,30,'New Hire')
INSERT INTO JOBHIST VALUES(7698,'1981-05-01',NULL,'MANAGER',2850,NULL,30,'New Hire')
INSERT INTO JOBHIST VALUES(7782,'1981-06-09',NULL,'MANAGER',2450,NULL,10,'New Hire')
INSERT INTO JOBHIST VALUES(7788,'1987-04-19','1988-04-12','CLERK',1000,NULL,20,'New Hire')
INSERT INTO JOBHIST VALUES(7788,'1988-04-13','1989-05-04','CLERK',1040,NULL,20,'Raise')
INSERT INTO JOBHIST VALUES(7788,'1990-05-05',NULL,'ANALYST',3000,NULL,20,'Promoted to Analyst')
INSERT INTO JOBHIST VALUES(7839,'1981-11-17',NULL,'PRESIDENT',5000,NULL,10,'New Hire')
INSERT INTO JOBHIST VALUES(7844,'1981-09-08',NULL,'SALESMAN',1500,0,30,'New Hire')
INSERT INTO JOBHIST VALUES(7876,'1987-05-23',NULL,'CLERK',1100,NULL,20,'New Hire')
INSERT INTO JOBHIST VALUES(7900,'1981-12-03','1983-01-14','CLERK',950,NULL,10,'New Hire')
INSERT INTO JOBHIST VALUES(7900,'1983-01-15',NULL,'CLERK',950,NULL,30,'Changed to Dept 30')
INSERT INTO JOBHIST VALUES(7902,'1981-12-03',NULL,'ANALYST',3000,NULL,20,'New Hire')
INSERT INTO JOBHIST VALUES(7934,'1982-01-23',NULL,'CLERK',1300,NULL,10,'New Hire')
COMMIT
/*C9*/ALTER SEQUENCE EMPSEQ RESTART WITH 8001
/*C8*/INSERT INTO EMP VALUES(8000,'\ud64d\uae38\ub3d9','\uac1c\ubc1c\uc790',7902,'2009-07-09',1000,0,20)
DELETE FROM EMP WHERE EMP_NO=8000
COMMIT
SET AUTOCOMMIT TRUE
SET AUTOCOMMIT FALSE
drop table jobhist IF EXISTS
\u000adrop table emp IF EXISTS
\u000adrop table dept IF EXISTS
\u000adrop table dual IF EXISTS
\u000adrop sequence empseq IF EXISTS
\u000aCREATE SEQUENCE empseq START WITH 8000
\u000aCREATE TABLE dual (\u000a    dummy        VARCHAR(1) PRIMARY KEY\u000a)
\u000aCREATE TABLE dept (\u000a    dept_no          NUMERIC(2) NOT NULL,\u000a    dept_name        VARCHAR(14),\u000a    loc             VARCHAR(13),\u000a    CONSTRAINT dept_pk PRIMARY KEY (dept_no),\u000a    CONSTRAINT dept_name_uq UNIQUE (dept_name)\u000a)
\u000aCREATE TABLE emp (\u000a    emp_no          NUMERIC(4) NOT NULL,\u000a    emp_name        VARCHAR(10),\u000a    job             VARCHAR(9),\u000a    mgr             NUMERIC(4),\u000a    hire_date       DATE,\u000a    sal             NUMERIC(7,2),\u000a    comm            NUMERIC(7,2),\u000a    dept_no         NUMERIC(2),\u000a\u0009CONSTRAINT emp_pk PRIMARY KEY (emp_no),\u000a\u0009CONSTRAINT emp_sal_ck CHECK (sal > 0),\u000a\u0009CONSTRAINT emp_ref_dept_fk FOREIGN KEY (dept_no) REFERENCES dept(dept_no)\u000a)
\u000aCREATE TABLE jobhist (\u000a    emp_no           NUMERIC(4) NOT NULL,\u000a    start_date       DATE NOT NULL,\u000a    end_date         DATE,\u000a    job             VARCHAR(9),\u000a    sal             NUMERIC(7,2),\u000a    comm            NUMERIC(7,2),\u000a    dept_no          NUMERIC(2),\u000a    chg_desc         VARCHAR(80),\u000a    CONSTRAINT jobhist_pk PRIMARY KEY (emp_no, start_date),\u000a    CONSTRAINT jobhist_ref_emp_fk FOREIGN KEY (emp_no)\u000a        REFERENCES emp(emp_no) ON DELETE CASCADE,\u000a    CONSTRAINT jobhist_ref_dept_fk FOREIGN KEY (dept_no)\u000a        REFERENCES dept (dept_no) ON DELETE SET NULL,\u000a\u0009CONSTRAINT jobhist_date_chk CHECK (start_date <= end_date)\u000a)
INSERT INTO DUAL VALUES('X')
INSERT INTO DEPT VALUES(10,'ACCOUNTING','NEW YORK')
INSERT INTO DEPT VALUES(20,'RESEARCH','DALLAS')
INSERT INTO DEPT VALUES(30,'SALES','CHICAGO')
INSERT INTO DEPT VALUES(40,'OPERATIONS','BOSTON')
INSERT INTO EMP VALUES(7369,'SMITH','CLERK',7902,'1980-12-17',800,NULL,20)
INSERT INTO EMP VALUES(7499,'ALLEN','SALESMAN',7698,'1981-02-20',1600,300,30)
INSERT INTO EMP VALUES(7521,'WARD','SALESMAN',7698,'1981-02-22',1250,500,30)
INSERT INTO EMP VALUES(7566,'JONES','MANAGER',7839,'1981-04-02',2975,NULL,20)
INSERT INTO EMP VALUES(7654,'MARTIN','SALESMAN',7698,'1981-09-28',1250,1400,30)
INSERT INTO EMP VALUES(7698,'BLAKE','MANAGER',7839,'1981-05-01',2850,NULL,30)
INSERT INTO EMP VALUES(7782,'CLARK','MANAGER',7839,'1981-06-09',2450,NULL,10)
INSERT INTO EMP VALUES(7788,'SCOTT','ANALYST',7566,'1987-04-19',3000,NULL,20)
INSERT INTO EMP VALUES(7839,'KING','PRESIDENT',NULL,'1981-11-17',5000,NULL,10)
INSERT INTO EMP VALUES(7844,'TURNER','SALESMAN',7698,'1981-09-08',1500,0,30)
INSERT INTO EMP VALUES(7876,'ADAMS','CLERK',7788,'1987-05-23',1100,NULL,20)
INSERT INTO EMP VALUES(7900,'JAMES','CLERK',7698,'1981-12-03',950,NULL,30)
INSERT INTO EMP VALUES(7902,'FORD','ANALYST',7566,'1981-12-03',3000,NULL,20)
INSERT INTO EMP VALUES(7934,'MILLER','CLERK',7782,'1982-01-23',1300,NULL,10)
INSERT INTO JOBHIST VALUES(7369,'1980-12-17',NULL,'CLERK',800,NULL,20,'New Hire')
INSERT INTO JOBHIST VALUES(7499,'1981-02-20',NULL,'SALESMAN',1600,300,30,'New Hire')
INSERT INTO JOBHIST VALUES(7521,'1981-02-22',NULL,'SALESMAN',1250,500,30,'New Hire')
INSERT INTO JOBHIST VALUES(7566,'1981-04-02',NULL,'MANAGER',2975,NULL,20,'New Hire')
INSERT INTO JOBHIST VALUES(7654,'1981-09-28',NULL,'SALESMAN',1250,1400,30,'New Hire')
INSERT INTO JOBHIST VALUES(7698,'1981-05-01',NULL,'MANAGER',2850,NULL,30,'New Hire')
INSERT INTO JOBHIST VALUES(7782,'1981-06-09',NULL,'MANAGER',2450,NULL,10,'New Hire')
INSERT INTO JOBHIST VALUES(7788,'1987-04-19','1988-04-12','CLERK',1000,NULL,20,'New Hire')
INSERT INTO JOBHIST VALUES(7788,'1988-04-13','1989-05-04','CLERK',1040,NULL,20,'Raise')
INSERT INTO JOBHIST VALUES(7788,'1990-05-05',NULL,'ANALYST',3000,NULL,20,'Promoted to Analyst')
INSERT INTO JOBHIST VALUES(7839,'1981-11-17',NULL,'PRESIDENT',5000,NULL,10,'New Hire')
INSERT INTO JOBHIST VALUES(7844,'1981-09-08',NULL,'SALESMAN',1500,0,30,'New Hire')
INSERT INTO JOBHIST VALUES(7876,'1987-05-23',NULL,'CLERK',1100,NULL,20,'New Hire')
INSERT INTO JOBHIST VALUES(7900,'1981-12-03','1983-01-14','CLERK',950,NULL,10,'New Hire')
INSERT INTO JOBHIST VALUES(7900,'1983-01-15',NULL,'CLERK',950,NULL,30,'Changed to Dept 30')
INSERT INTO JOBHIST VALUES(7902,'1981-12-03',NULL,'ANALYST',3000,NULL,20,'New Hire')
INSERT INTO JOBHIST VALUES(7934,'1982-01-23',NULL,'CLERK',1300,NULL,10,'New Hire')
COMMIT
/*C9*/ALTER SEQUENCE EMPSEQ RESTART WITH 8001
/*C8*/INSERT INTO EMP VALUES(8000,'\ud64d\uae38\ub3d9','\uac1c\ubc1c\uc790',7902,'2009-07-09',1000,0,20)
COMMIT
SET AUTOCOMMIT TRUE
SET AUTOCOMMIT FALSE
drop table jobhist IF EXISTS
\u000adrop table emp IF EXISTS
\u000adrop table dept IF EXISTS
\u000adrop table dual IF EXISTS
\u000adrop sequence empseq IF EXISTS
\u000aCREATE SEQUENCE empseq START WITH 8000
\u000aCREATE TABLE dual (\u000a    dummy        VARCHAR(1) PRIMARY KEY\u000a)
\u000aCREATE TABLE dept (\u000a    dept_no          NUMERIC(2) NOT NULL,\u000a    dept_name        VARCHAR(14),\u000a    loc             VARCHAR(13),\u000a    CONSTRAINT dept_pk PRIMARY KEY (dept_no),\u000a    CONSTRAINT dept_name_uq UNIQUE (dept_name)\u000a)
\u000aCREATE TABLE emp (\u000a    emp_no          NUMERIC(4) NOT NULL,\u000a    emp_name        VARCHAR(10),\u000a    job             VARCHAR(9),\u000a    mgr             NUMERIC(4),\u000a    hire_date       DATE,\u000a    sal             NUMERIC(7,2),\u000a    comm            NUMERIC(7,2),\u000a    dept_no         NUMERIC(2),\u000a\u0009CONSTRAINT emp_pk PRIMARY KEY (emp_no),\u000a\u0009CONSTRAINT emp_sal_ck CHECK (sal > 0),\u000a\u0009CONSTRAINT emp_ref_dept_fk FOREIGN KEY (dept_no) REFERENCES dept(dept_no)\u000a)
\u000aCREATE TABLE jobhist (\u000a    emp_no           NUMERIC(4) NOT NULL,\u000a    start_date       DATE NOT NULL,\u000a    end_date         DATE,\u000a    job             VARCHAR(9),\u000a    sal             NUMERIC(7,2),\u000a    comm            NUMERIC(7,2),\u000a    dept_no          NUMERIC(2),\u000a    chg_desc         VARCHAR(80),\u000a    CONSTRAINT jobhist_pk PRIMARY KEY (emp_no, start_date),\u000a    CONSTRAINT jobhist_ref_emp_fk FOREIGN KEY (emp_no)\u000a        REFERENCES emp(emp_no) ON DELETE CASCADE,\u000a    CONSTRAINT jobhist_ref_dept_fk FOREIGN KEY (dept_no)\u000a        REFERENCES dept (dept_no) ON DELETE SET NULL,\u000a\u0009CONSTRAINT jobhist_date_chk CHECK (start_date <= end_date)\u000a)
INSERT INTO DUAL VALUES('X')
INSERT INTO DEPT VALUES(10,'ACCOUNTING','NEW YORK')
INSERT INTO DEPT VALUES(20,'RESEARCH','DALLAS')
INSERT INTO DEPT VALUES(30,'SALES','CHICAGO')
INSERT INTO DEPT VALUES(40,'OPERATIONS','BOSTON')
INSERT INTO EMP VALUES(7369,'SMITH','CLERK',7902,'1980-12-17',800,NULL,20)
INSERT INTO EMP VALUES(7499,'ALLEN','SALESMAN',7698,'1981-02-20',1600,300,30)
INSERT INTO EMP VALUES(7521,'WARD','SALESMAN',7698,'1981-02-22',1250,500,30)
INSERT INTO EMP VALUES(7566,'JONES','MANAGER',7839,'1981-04-02',2975,NULL,20)
INSERT INTO EMP VALUES(7654,'MARTIN','SALESMAN',7698,'1981-09-28',1250,1400,30)
INSERT INTO EMP VALUES(7698,'BLAKE','MANAGER',7839,'1981-05-01',2850,NULL,30)
INSERT INTO EMP VALUES(7782,'CLARK','MANAGER',7839,'1981-06-09',2450,NULL,10)
INSERT INTO EMP VALUES(7788,'SCOTT','ANALYST',7566,'1987-04-19',3000,NULL,20)
INSERT INTO EMP VALUES(7839,'KING','PRESIDENT',NULL,'1981-11-17',5000,NULL,10)
INSERT INTO EMP VALUES(7844,'TURNER','SALESMAN',7698,'1981-09-08',1500,0,30)
INSERT INTO EMP VALUES(7876,'ADAMS','CLERK',7788,'1987-05-23',1100,NULL,20)
INSERT INTO EMP VALUES(7900,'JAMES','CLERK',7698,'1981-12-03',950,NULL,30)
INSERT INTO EMP VALUES(7902,'FORD','ANALYST',7566,'1981-12-03',3000,NULL,20)
INSERT INTO EMP VALUES(7934,'MILLER','CLERK',7782,'1982-01-23',1300,NULL,10)
INSERT INTO JOBHIST VALUES(7369,'1980-12-17',NULL,'CLERK',800,NULL,20,'New Hire')
INSERT INTO JOBHIST VALUES(7499,'1981-02-20',NULL,'SALESMAN',1600,300,30,'New Hire')
INSERT INTO JOBHIST VALUES(7521,'1981-02-22',NULL,'SALESMAN',1250,500,30,'New Hire')
INSERT INTO JOBHIST VALUES(7566,'1981-04-02',NULL,'MANAGER',2975,NULL,20,'New Hire')
INSERT INTO JOBHIST VALUES(7654,'1981-09-28',NULL,'SALESMAN',1250,1400,30,'New Hire')
INSERT INTO JOBHIST VALUES(7698,'1981-05-01',NULL,'MANAGER',2850,NULL,30,'New Hire')
INSERT INTO JOBHIST VALUES(7782,'1981-06-09',NULL,'MANAGER',2450,NULL,10,'New Hire')
INSERT INTO JOBHIST VALUES(7788,'1987-04-19','1988-04-12','CLERK',1000,NULL,20,'New Hire')
INSERT INTO JOBHIST VALUES(7788,'1988-04-13','1989-05-04','CLERK',1040,NULL,20,'Raise')
INSERT INTO JOBHIST VALUES(7788,'1990-05-05',NULL,'ANALYST',3000,NULL,20,'Promoted to Analyst')
INSERT INTO JOBHIST VALUES(7839,'1981-11-17',NULL,'PRESIDENT',5000,NULL,10,'New Hire')
INSERT INTO JOBHIST VALUES(7844,'1981-09-08',NULL,'SALESMAN',1500,0,30,'New Hire')
INSERT INTO JOBHIST VALUES(7876,'1987-05-23',NULL,'CLERK',1100,NULL,20,'New Hire')
INSERT INTO JOBHIST VALUES(7900,'1981-12-03','1983-01-14','CLERK',950,NULL,10,'New Hire')
INSERT INTO JOBHIST VALUES(7900,'1983-01-15',NULL,'CLERK',950,NULL,30,'Changed to Dept 30')
INSERT INTO JOBHIST VALUES(7902,'1981-12-03',NULL,'ANALYST',3000,NULL,20,'New Hire')
INSERT INTO JOBHIST VALUES(7934,'1982-01-23',NULL,'CLERK',1300,NULL,10,'New Hire')
COMMIT
INSERT INTO DEPT VALUES(90,'test \ubd80\uc11c','test \uc704\uce58')
COMMIT
SET AUTOCOMMIT TRUE
SET AUTOCOMMIT FALSE
drop table jobhist IF EXISTS
\u000adrop table emp IF EXISTS
\u000adrop table dept IF EXISTS
\u000adrop table dual IF EXISTS
\u000adrop sequence empseq IF EXISTS
\u000aCREATE SEQUENCE empseq START WITH 8000
\u000aCREATE TABLE dual (\u000a    dummy        VARCHAR(1) PRIMARY KEY\u000a)
\u000aCREATE TABLE dept (\u000a    dept_no          NUMERIC(2) NOT NULL,\u000a    dept_name        VARCHAR(14),\u000a    loc             VARCHAR(13),\u000a    CONSTRAINT dept_pk PRIMARY KEY (dept_no),\u000a    CONSTRAINT dept_name_uq UNIQUE (dept_name)\u000a)
\u000aCREATE TABLE emp (\u000a    emp_no          NUMERIC(4) NOT NULL,\u000a    emp_name        VARCHAR(10),\u000a    job             VARCHAR(9),\u000a    mgr             NUMERIC(4),\u000a    hire_date       DATE,\u000a    sal             NUMERIC(7,2),\u000a    comm            NUMERIC(7,2),\u000a    dept_no         NUMERIC(2),\u000a\u0009CONSTRAINT emp_pk PRIMARY KEY (emp_no),\u000a\u0009CONSTRAINT emp_sal_ck CHECK (sal > 0),\u000a\u0009CONSTRAINT emp_ref_dept_fk FOREIGN KEY (dept_no) REFERENCES dept(dept_no)\u000a)
\u000aCREATE TABLE jobhist (\u000a    emp_no           NUMERIC(4) NOT NULL,\u000a    start_date       DATE NOT NULL,\u000a    end_date         DATE,\u000a    job             VARCHAR(9),\u000a    sal             NUMERIC(7,2),\u000a    comm            NUMERIC(7,2),\u000a    dept_no          NUMERIC(2),\u000a    chg_desc         VARCHAR(80),\u000a    CONSTRAINT jobhist_pk PRIMARY KEY (emp_no, start_date),\u000a    CONSTRAINT jobhist_ref_emp_fk FOREIGN KEY (emp_no)\u000a        REFERENCES emp(emp_no) ON DELETE CASCADE,\u000a    CONSTRAINT jobhist_ref_dept_fk FOREIGN KEY (dept_no)\u000a        REFERENCES dept (dept_no) ON DELETE SET NULL,\u000a\u0009CONSTRAINT jobhist_date_chk CHECK (start_date <= end_date)\u000a)
INSERT INTO DUAL VALUES('X')
INSERT INTO DEPT VALUES(10,'ACCOUNTING','NEW YORK')
INSERT INTO DEPT VALUES(20,'RESEARCH','DALLAS')
INSERT INTO DEPT VALUES(30,'SALES','CHICAGO')
INSERT INTO DEPT VALUES(40,'OPERATIONS','BOSTON')
INSERT INTO EMP VALUES(7369,'SMITH','CLERK',7902,'1980-12-17',800,NULL,20)
INSERT INTO EMP VALUES(7499,'ALLEN','SALESMAN',7698,'1981-02-20',1600,300,30)
INSERT INTO EMP VALUES(7521,'WARD','SALESMAN',7698,'1981-02-22',1250,500,30)
INSERT INTO EMP VALUES(7566,'JONES','MANAGER',7839,'1981-04-02',2975,NULL,20)
INSERT INTO EMP VALUES(7654,'MARTIN','SALESMAN',7698,'1981-09-28',1250,1400,30)
INSERT INTO EMP VALUES(7698,'BLAKE','MANAGER',7839,'1981-05-01',2850,NULL,30)
INSERT INTO EMP VALUES(7782,'CLARK','MANAGER',7839,'1981-06-09',2450,NULL,10)
INSERT INTO EMP VALUES(7788,'SCOTT','ANALYST',7566,'1987-04-19',3000,NULL,20)
INSERT INTO EMP VALUES(7839,'KING','PRESIDENT',NULL,'1981-11-17',5000,NULL,10)
INSERT INTO EMP VALUES(7844,'TURNER','SALESMAN',7698,'1981-09-08',1500,0,30)
INSERT INTO EMP VALUES(7876,'ADAMS','CLERK',7788,'1987-05-23',1100,NULL,20)
INSERT INTO EMP VALUES(7900,'JAMES','CLERK',7698,'1981-12-03',950,NULL,30)
INSERT INTO EMP VALUES(7902,'FORD','ANALYST',7566,'1981-12-03',3000,NULL,20)
INSERT INTO EMP VALUES(7934,'MILLER','CLERK',7782,'1982-01-23',1300,NULL,10)
INSERT INTO JOBHIST VALUES(7369,'1980-12-17',NULL,'CLERK',800,NULL,20,'New Hire')
INSERT INTO JOBHIST VALUES(7499,'1981-02-20',NULL,'SALESMAN',1600,300,30,'New Hire')
INSERT INTO JOBHIST VALUES(7521,'1981-02-22',NULL,'SALESMAN',1250,500,30,'New Hire')
INSERT INTO JOBHIST VALUES(7566,'1981-04-02',NULL,'MANAGER',2975,NULL,20,'New Hire')
INSERT INTO JOBHIST VALUES(7654,'1981-09-28',NULL,'SALESMAN',1250,1400,30,'New Hire')
INSERT INTO JOBHIST VALUES(7698,'1981-05-01',NULL,'MANAGER',2850,NULL,30,'New Hire')
INSERT INTO JOBHIST VALUES(7782,'1981-06-09',NULL,'MANAGER',2450,NULL,10,'New Hire')
INSERT INTO JOBHIST VALUES(7788,'1987-04-19','1988-04-12','CLERK',1000,NULL,20,'New Hire')
INSERT INTO JOBHIST VALUES(7788,'1988-04-13','1989-05-04','CLERK',1040,NULL,20,'Raise')
INSERT INTO JOBHIST VALUES(7788,'1990-05-05',NULL,'ANALYST',3000,NULL,20,'Promoted to Analyst')
INSERT INTO JOBHIST VALUES(7839,'1981-11-17',NULL,'PRESIDENT',5000,NULL,10,'New Hire')
INSERT INTO JOBHIST VALUES(7844,'1981-09-08',NULL,'SALESMAN',1500,0,30,'New Hire')
INSERT INTO JOBHIST VALUES(7876,'1987-05-23',NULL,'CLERK',1100,NULL,20,'New Hire')
INSERT INTO JOBHIST VALUES(7900,'1981-12-03','1983-01-14','CLERK',950,NULL,10,'New Hire')
INSERT INTO JOBHIST VALUES(7900,'1983-01-15',NULL,'CLERK',950,NULL,30,'Changed to Dept 30')
INSERT INTO JOBHIST VALUES(7902,'1981-12-03',NULL,'ANALYST',3000,NULL,20,'New Hire')
INSERT INTO JOBHIST VALUES(7934,'1982-01-23',NULL,'CLERK',1300,NULL,10,'New Hire')
COMMIT
INSERT INTO DEPT VALUES(90,'test \ubd80\uc11c','test \uc704\uce58')
DELETE FROM DEPT WHERE DEPT_NO=90
INSERT INTO DEPT VALUES(90,'upd Dept','upd loc')
COMMIT
SET AUTOCOMMIT TRUE
SET AUTOCOMMIT FALSE
drop table jobhist IF EXISTS
\u000adrop table emp IF EXISTS
\u000adrop table dept IF EXISTS
\u000adrop table dual IF EXISTS
\u000adrop sequence empseq IF EXISTS
\u000aCREATE SEQUENCE empseq START WITH 8000
\u000aCREATE TABLE dual (\u000a    dummy        VARCHAR(1) PRIMARY KEY\u000a)
\u000aCREATE TABLE dept (\u000a    dept_no          NUMERIC(2) NOT NULL,\u000a    dept_name        VARCHAR(14),\u000a    loc             VARCHAR(13),\u000a    CONSTRAINT dept_pk PRIMARY KEY (dept_no),\u000a    CONSTRAINT dept_name_uq UNIQUE (dept_name)\u000a)
\u000aCREATE TABLE emp (\u000a    emp_no          NUMERIC(4) NOT NULL,\u000a    emp_name        VARCHAR(10),\u000a    job             VARCHAR(9),\u000a    mgr             NUMERIC(4),\u000a    hire_date       DATE,\u000a    sal             NUMERIC(7,2),\u000a    comm            NUMERIC(7,2),\u000a    dept_no         NUMERIC(2),\u000a\u0009CONSTRAINT emp_pk PRIMARY KEY (emp_no),\u000a\u0009CONSTRAINT emp_sal_ck CHECK (sal > 0),\u000a\u0009CONSTRAINT emp_ref_dept_fk FOREIGN KEY (dept_no) REFERENCES dept(dept_no)\u000a)
\u000aCREATE TABLE jobhist (\u000a    emp_no           NUMERIC(4) NOT NULL,\u000a    start_date       DATE NOT NULL,\u000a    end_date         DATE,\u000a    job             VARCHAR(9),\u000a    sal             NUMERIC(7,2),\u000a    comm            NUMERIC(7,2),\u000a    dept_no          NUMERIC(2),\u000a    chg_desc         VARCHAR(80),\u000a    CONSTRAINT jobhist_pk PRIMARY KEY (emp_no, start_date),\u000a    CONSTRAINT jobhist_ref_emp_fk FOREIGN KEY (emp_no)\u000a        REFERENCES emp(emp_no) ON DELETE CASCADE,\u000a    CONSTRAINT jobhist_ref_dept_fk FOREIGN KEY (dept_no)\u000a        REFERENCES dept (dept_no) ON DELETE SET NULL,\u000a\u0009CONSTRAINT jobhist_date_chk CHECK (start_date <= end_date)\u000a)
INSERT INTO DUAL VALUES('X')
INSERT INTO DEPT VALUES(10,'ACCOUNTING','NEW YORK')
INSERT INTO DEPT VALUES(20,'RESEARCH','DALLAS')
INSERT INTO DEPT VALUES(30,'SALES','CHICAGO')
INSERT INTO DEPT VALUES(40,'OPERATIONS','BOSTON')
INSERT INTO EMP VALUES(7369,'SMITH','CLERK',7902,'1980-12-17',800,NULL,20)
INSERT INTO EMP VALUES(7499,'ALLEN','SALESMAN',7698,'1981-02-20',1600,300,30)
INSERT INTO EMP VALUES(7521,'WARD','SALESMAN',7698,'1981-02-22',1250,500,30)
INSERT INTO EMP VALUES(7566,'JONES','MANAGER',7839,'1981-04-02',2975,NULL,20)
INSERT INTO EMP VALUES(7654,'MARTIN','SALESMAN',7698,'1981-09-28',1250,1400,30)
INSERT INTO EMP VALUES(7698,'BLAKE','MANAGER',7839,'1981-05-01',2850,NULL,30)
INSERT INTO EMP VALUES(7782,'CLARK','MANAGER',7839,'1981-06-09',2450,NULL,10)
INSERT INTO EMP VALUES(7788,'SCOTT','ANALYST',7566,'1987-04-19',3000,NULL,20)
INSERT INTO EMP VALUES(7839,'KING','PRESIDENT',NULL,'1981-11-17',5000,NULL,10)
INSERT INTO EMP VALUES(7844,'TURNER','SALESMAN',7698,'1981-09-08',1500,0,30)
INSERT INTO EMP VALUES(7876,'ADAMS','CLERK',7788,'1987-05-23',1100,NULL,20)
INSERT INTO EMP VALUES(7900,'JAMES','CLERK',7698,'1981-12-03',950,NULL,30)
INSERT INTO EMP VALUES(7902,'FORD','ANALYST',7566,'1981-12-03',3000,NULL,20)
INSERT INTO EMP VALUES(7934,'MILLER','CLERK',7782,'1982-01-23',1300,NULL,10)
INSERT INTO JOBHIST VALUES(7369,'1980-12-17',NULL,'CLERK',800,NULL,20,'New Hire')
INSERT INTO JOBHIST VALUES(7499,'1981-02-20',NULL,'SALESMAN',1600,300,30,'New Hire')
INSERT INTO JOBHIST VALUES(7521,'1981-02-22',NULL,'SALESMAN',1250,500,30,'New Hire')
INSERT INTO JOBHIST VALUES(7566,'1981-04-02',NULL,'MANAGER',2975,NULL,20,'New Hire')
INSERT INTO JOBHIST VALUES(7654,'1981-09-28',NULL,'SALESMAN',1250,1400,30,'New Hire')
INSERT INTO JOBHIST VALUES(7698,'1981-05-01',NULL,'MANAGER',2850,NULL,30,'New Hire')
INSERT INTO JOBHIST VALUES(7782,'1981-06-09',NULL,'MANAGER',2450,NULL,10,'New Hire')
INSERT INTO JOBHIST VALUES(7788,'1987-04-19','1988-04-12','CLERK',1000,NULL,20,'New Hire')
INSERT INTO JOBHIST VALUES(7788,'1988-04-13','1989-05-04','CLERK',1040,NULL,20,'Raise')
INSERT INTO JOBHIST VALUES(7788,'1990-05-05',NULL,'ANALYST',3000,NULL,20,'Promoted to Analyst')
INSERT INTO JOBHIST VALUES(7839,'1981-11-17',NULL,'PRESIDENT',5000,NULL,10,'New Hire')
INSERT INTO JOBHIST VALUES(7844,'1981-09-08',NULL,'SALESMAN',1500,0,30,'New Hire')
INSERT INTO JOBHIST VALUES(7876,'1987-05-23',NULL,'CLERK',1100,NULL,20,'New Hire')
INSERT INTO JOBHIST VALUES(7900,'1981-12-03','1983-01-14','CLERK',950,NULL,10,'New Hire')
INSERT INTO JOBHIST VALUES(7900,'1983-01-15',NULL,'CLERK',950,NULL,30,'Changed to Dept 30')
INSERT INTO JOBHIST VALUES(7902,'1981-12-03',NULL,'ANALYST',3000,NULL,20,'New Hire')
INSERT INTO JOBHIST VALUES(7934,'1982-01-23',NULL,'CLERK',1300,NULL,10,'New Hire')
COMMIT
INSERT INTO DEPT VALUES(90,'test \ubd80\uc11c','test \uc704\uce58')
DELETE FROM DEPT WHERE DEPT_NO=90
COMMIT
SET AUTOCOMMIT TRUE
SET AUTOCOMMIT FALSE
drop table jobhist IF EXISTS
\u000adrop table emp IF EXISTS
\u000adrop table dept IF EXISTS
\u000adrop table dual IF EXISTS
\u000adrop sequence empseq IF EXISTS
\u000aCREATE SEQUENCE empseq START WITH 8000
\u000aCREATE TABLE dual (\u000a    dummy        VARCHAR(1) PRIMARY KEY\u000a)
\u000aCREATE TABLE dept (\u000a    dept_no          NUMERIC(2) NOT NULL,\u000a    dept_name        VARCHAR(14),\u000a    loc             VARCHAR(13),\u000a    CONSTRAINT dept_pk PRIMARY KEY (dept_no),\u000a    CONSTRAINT dept_name_uq UNIQUE (dept_name)\u000a)
\u000aCREATE TABLE emp (\u000a    emp_no          NUMERIC(4) NOT NULL,\u000a    emp_name        VARCHAR(10),\u000a    job             VARCHAR(9),\u000a    mgr             NUMERIC(4),\u000a    hire_date       DATE,\u000a    sal             NUMERIC(7,2),\u000a    comm            NUMERIC(7,2),\u000a    dept_no         NUMERIC(2),\u000a\u0009CONSTRAINT emp_pk PRIMARY KEY (emp_no),\u000a\u0009CONSTRAINT emp_sal_ck CHECK (sal > 0),\u000a\u0009CONSTRAINT emp_ref_dept_fk FOREIGN KEY (dept_no) REFERENCES dept(dept_no)\u000a)
\u000aCREATE TABLE jobhist (\u000a    emp_no           NUMERIC(4) NOT NULL,\u000a    start_date       DATE NOT NULL,\u000a    end_date         DATE,\u000a    job             VARCHAR(9),\u000a    sal             NUMERIC(7,2),\u000a    comm            NUMERIC(7,2),\u000a    dept_no          NUMERIC(2),\u000a    chg_desc         VARCHAR(80),\u000a    CONSTRAINT jobhist_pk PRIMARY KEY (emp_no, start_date),\u000a    CONSTRAINT jobhist_ref_emp_fk FOREIGN KEY (emp_no)\u000a        REFERENCES emp(emp_no) ON DELETE CASCADE,\u000a    CONSTRAINT jobhist_ref_dept_fk FOREIGN KEY (dept_no)\u000a        REFERENCES dept (dept_no) ON DELETE SET NULL,\u000a\u0009CONSTRAINT jobhist_date_chk CHECK (start_date <= end_date)\u000a)
INSERT INTO DUAL VALUES('X')
INSERT INTO DEPT VALUES(10,'ACCOUNTING','NEW YORK')
INSERT INTO DEPT VALUES(20,'RESEARCH','DALLAS')
INSERT INTO DEPT VALUES(30,'SALES','CHICAGO')
INSERT INTO DEPT VALUES(40,'OPERATIONS','BOSTON')
INSERT INTO EMP VALUES(7369,'SMITH','CLERK',7902,'1980-12-17',800,NULL,20)
INSERT INTO EMP VALUES(7499,'ALLEN','SALESMAN',7698,'1981-02-20',1600,300,30)
INSERT INTO EMP VALUES(7521,'WARD','SALESMAN',7698,'1981-02-22',1250,500,30)
INSERT INTO EMP VALUES(7566,'JONES','MANAGER',7839,'1981-04-02',2975,NULL,20)
INSERT INTO EMP VALUES(7654,'MARTIN','SALESMAN',7698,'1981-09-28',1250,1400,30)
INSERT INTO EMP VALUES(7698,'BLAKE','MANAGER',7839,'1981-05-01',2850,NULL,30)
INSERT INTO EMP VALUES(7782,'CLARK','MANAGER',7839,'1981-06-09',2450,NULL,10)
INSERT INTO EMP VALUES(7788,'SCOTT','ANALYST',7566,'1987-04-19',3000,NULL,20)
INSERT INTO EMP VALUES(7839,'KING','PRESIDENT',NULL,'1981-11-17',5000,NULL,10)
INSERT INTO EMP VALUES(7844,'TURNER','SALESMAN',7698,'1981-09-08',1500,0,30)
INSERT INTO EMP VALUES(7876,'ADAMS','CLERK',7788,'1987-05-23',1100,NULL,20)
INSERT INTO EMP VALUES(7900,'JAMES','CLERK',7698,'1981-12-03',950,NULL,30)
INSERT INTO EMP VALUES(7902,'FORD','ANALYST',7566,'1981-12-03',3000,NULL,20)
INSERT INTO EMP VALUES(7934,'MILLER','CLERK',7782,'1982-01-23',1300,NULL,10)
INSERT INTO JOBHIST VALUES(7369,'1980-12-17',NULL,'CLERK',800,NULL,20,'New Hire')
INSERT INTO JOBHIST VALUES(7499,'1981-02-20',NULL,'SALESMAN',1600,300,30,'New Hire')
INSERT INTO JOBHIST VALUES(7521,'1981-02-22',NULL,'SALESMAN',1250,500,30,'New Hire')
INSERT INTO JOBHIST VALUES(7566,'1981-04-02',NULL,'MANAGER',2975,NULL,20,'New Hire')
INSERT INTO JOBHIST VALUES(7654,'1981-09-28',NULL,'SALESMAN',1250,1400,30,'New Hire')
INSERT INTO JOBHIST VALUES(7698,'1981-05-01',NULL,'MANAGER',2850,NULL,30,'New Hire')
INSERT INTO JOBHIST VALUES(7782,'1981-06-09',NULL,'MANAGER',2450,NULL,10,'New Hire')
INSERT INTO JOBHIST VALUES(7788,'1987-04-19','1988-04-12','CLERK',1000,NULL,20,'New Hire')
INSERT INTO JOBHIST VALUES(7788,'1988-04-13','1989-05-04','CLERK',1040,NULL,20,'Raise')
INSERT INTO JOBHIST VALUES(7788,'1990-05-05',NULL,'ANALYST',3000,NULL,20,'Promoted to Analyst')
INSERT INTO JOBHIST VALUES(7839,'1981-11-17',NULL,'PRESIDENT',5000,NULL,10,'New Hire')
INSERT INTO JOBHIST VALUES(7844,'1981-09-08',NULL,'SALESMAN',1500,0,30,'New Hire')
INSERT INTO JOBHIST VALUES(7876,'1987-05-23',NULL,'CLERK',1100,NULL,20,'New Hire')
INSERT INTO JOBHIST VALUES(7900,'1981-12-03','1983-01-14','CLERK',950,NULL,10,'New Hire')
INSERT INTO JOBHIST VALUES(7900,'1983-01-15',NULL,'CLERK',950,NULL,30,'Changed to Dept 30')
INSERT INTO JOBHIST VALUES(7902,'1981-12-03',NULL,'ANALYST',3000,NULL,20,'New Hire')
INSERT INTO JOBHIST VALUES(7934,'1982-01-23',NULL,'CLERK',1300,NULL,10,'New Hire')
COMMIT
INSERT INTO DEPT VALUES(90,'test \ubd80\uc11c','test \uc704\uce58')
COMMIT
SET AUTOCOMMIT TRUE
DISCONNECT
/*C9*/DISCONNECT
/*C10*/SET SCHEMA PUBLIC
CONNECT USER SA
DISCONNECT
/*C11*/SET SCHEMA PUBLIC
CONNECT USER SA
SET AUTOCOMMIT FALSE
drop table jobhist IF EXISTS
\u000adrop table emp IF EXISTS
\u000adrop table dept IF EXISTS
\u000adrop table dual IF EXISTS
\u000adrop sequence empseq IF EXISTS
\u000aCREATE SEQUENCE empseq START WITH 8000
\u000aCREATE TABLE dual (\u000a    dummy        VARCHAR(1) PRIMARY KEY\u000a)
\u000aCREATE TABLE dept (\u000a    dept_no          NUMERIC(2) NOT NULL,\u000a    dept_name        VARCHAR(14),\u000a    loc             VARCHAR(13),\u000a    CONSTRAINT dept_pk PRIMARY KEY (dept_no),\u000a    CONSTRAINT dept_name_uq UNIQUE (dept_name)\u000a)
\u000aCREATE TABLE emp (\u000a    emp_no          NUMERIC(4) NOT NULL,\u000a    emp_name        VARCHAR(10),\u000a    job             VARCHAR(9),\u000a    mgr             NUMERIC(4),\u000a    hire_date       DATE,\u000a    sal             NUMERIC(7,2),\u000a    comm            NUMERIC(7,2),\u000a    dept_no         NUMERIC(2),\u000a\u0009CONSTRAINT emp_pk PRIMARY KEY (emp_no),\u000a\u0009CONSTRAINT emp_sal_ck CHECK (sal > 0),\u000a\u0009CONSTRAINT emp_ref_dept_fk FOREIGN KEY (dept_no) REFERENCES dept(dept_no)\u000a)
\u000aCREATE TABLE jobhist (\u000a    emp_no           NUMERIC(4) NOT NULL,\u000a    start_date       DATE NOT NULL,\u000a    end_date         DATE,\u000a    job             VARCHAR(9),\u000a    sal             NUMERIC(7,2),\u000a    comm            NUMERIC(7,2),\u000a    dept_no          NUMERIC(2),\u000a    chg_desc         VARCHAR(80),\u000a    CONSTRAINT jobhist_pk PRIMARY KEY (emp_no, start_date),\u000a    CONSTRAINT jobhist_ref_emp_fk FOREIGN KEY (emp_no)\u000a        REFERENCES emp(emp_no) ON DELETE CASCADE,\u000a    CONSTRAINT jobhist_ref_dept_fk FOREIGN KEY (dept_no)\u000a        REFERENCES dept (dept_no) ON DELETE SET NULL,\u000a\u0009CONSTRAINT jobhist_date_chk CHECK (start_date <= end_date)\u000a)
INSERT INTO DUAL VALUES('X')
INSERT INTO DEPT VALUES(10,'ACCOUNTING','NEW YORK')
INSERT INTO DEPT VALUES(20,'RESEARCH','DALLAS')
INSERT INTO DEPT VALUES(30,'SALES','CHICAGO')
INSERT INTO DEPT VALUES(40,'OPERATIONS','BOSTON')
INSERT INTO EMP VALUES(7369,'SMITH','CLERK',7902,'1980-12-17',800,NULL,20)
INSERT INTO EMP VALUES(7499,'ALLEN','SALESMAN',7698,'1981-02-20',1600,300,30)
INSERT INTO EMP VALUES(7521,'WARD','SALESMAN',7698,'1981-02-22',1250,500,30)
INSERT INTO EMP VALUES(7566,'JONES','MANAGER',7839,'1981-04-02',2975,NULL,20)
INSERT INTO EMP VALUES(7654,'MARTIN','SALESMAN',7698,'1981-09-28',1250,1400,30)
INSERT INTO EMP VALUES(7698,'BLAKE','MANAGER',7839,'1981-05-01',2850,NULL,30)
INSERT INTO EMP VALUES(7782,'CLARK','MANAGER',7839,'1981-06-09',2450,NULL,10)
INSERT INTO EMP VALUES(7788,'SCOTT','ANALYST',7566,'1987-04-19',3000,NULL,20)
INSERT INTO EMP VALUES(7839,'KING','PRESIDENT',NULL,'1981-11-17',5000,NULL,10)
INSERT INTO EMP VALUES(7844,'TURNER','SALESMAN',7698,'1981-09-08',1500,0,30)
INSERT INTO EMP VALUES(7876,'ADAMS','CLERK',7788,'1987-05-23',1100,NULL,20)
INSERT INTO EMP VALUES(7900,'JAMES','CLERK',7698,'1981-12-03',950,NULL,30)
INSERT INTO EMP VALUES(7902,'FORD','ANALYST',7566,'1981-12-03',3000,NULL,20)
INSERT INTO EMP VALUES(7934,'MILLER','CLERK',7782,'1982-01-23',1300,NULL,10)
INSERT INTO JOBHIST VALUES(7369,'1980-12-17',NULL,'CLERK',800,NULL,20,'New Hire')
INSERT INTO JOBHIST VALUES(7499,'1981-02-20',NULL,'SALESMAN',1600,300,30,'New Hire')
INSERT INTO JOBHIST VALUES(7521,'1981-02-22',NULL,'SALESMAN',1250,500,30,'New Hire')
INSERT INTO JOBHIST VALUES(7566,'1981-04-02',NULL,'MANAGER',2975,NULL,20,'New Hire')
INSERT INTO JOBHIST VALUES(7654,'1981-09-28',NULL,'SALESMAN',1250,1400,30,'New Hire')
INSERT INTO JOBHIST VALUES(7698,'1981-05-01',NULL,'MANAGER',2850,NULL,30,'New Hire')
INSERT INTO JOBHIST VALUES(7782,'1981-06-09',NULL,'MANAGER',2450,NULL,10,'New Hire')
INSERT INTO JOBHIST VALUES(7788,'1987-04-19','1988-04-12','CLERK',1000,NULL,20,'New Hire')
INSERT INTO JOBHIST VALUES(7788,'1988-04-13','1989-05-04','CLERK',1040,NULL,20,'Raise')
INSERT INTO JOBHIST VALUES(7788,'1990-05-05',NULL,'ANALYST',3000,NULL,20,'Promoted to Analyst')
INSERT INTO JOBHIST VALUES(7839,'1981-11-17',NULL,'PRESIDENT',5000,NULL,10,'New Hire')
INSERT INTO JOBHIST VALUES(7844,'1981-09-08',NULL,'SALESMAN',1500,0,30,'New Hire')
INSERT INTO JOBHIST VALUES(7876,'1987-05-23',NULL,'CLERK',1100,NULL,20,'New Hire')
INSERT INTO JOBHIST VALUES(7900,'1981-12-03','1983-01-14','CLERK',950,NULL,10,'New Hire')
INSERT INTO JOBHIST VALUES(7900,'1983-01-15',NULL,'CLERK',950,NULL,30,'Changed to Dept 30')
INSERT INTO JOBHIST VALUES(7902,'1981-12-03',NULL,'ANALYST',3000,NULL,20,'New Hire')
INSERT INTO JOBHIST VALUES(7934,'1982-01-23',NULL,'CLERK',1300,NULL,10,'New Hire')
COMMIT
/*C12*/SET SCHEMA PUBLIC
CONNECT USER SA
ALTER SEQUENCE EMPSEQ RESTART WITH 8001
/*C11*/INSERT INTO EMP VALUES(8000,'\ud64d\uae38\ub3d9','\uac1c\ubc1c\uc790',7902,'2009-07-09',1000,0,20)
COMMIT
SET AUTOCOMMIT TRUE
SET AUTOCOMMIT FALSE
drop table jobhist IF EXISTS
\u000adrop table emp IF EXISTS
\u000adrop table dept IF EXISTS
\u000adrop table dual IF EXISTS
\u000adrop sequence empseq IF EXISTS
\u000aCREATE SEQUENCE empseq START WITH 8000
\u000aCREATE TABLE dual (\u000a    dummy        VARCHAR(1) PRIMARY KEY\u000a)
\u000aCREATE TABLE dept (\u000a    dept_no          NUMERIC(2) NOT NULL,\u000a    dept_name        VARCHAR(14),\u000a    loc             VARCHAR(13),\u000a    CONSTRAINT dept_pk PRIMARY KEY (dept_no),\u000a    CONSTRAINT dept_name_uq UNIQUE (dept_name)\u000a)
\u000aCREATE TABLE emp (\u000a    emp_no          NUMERIC(4) NOT NULL,\u000a    emp_name        VARCHAR(10),\u000a    job             VARCHAR(9),\u000a    mgr             NUMERIC(4),\u000a    hire_date       DATE,\u000a    sal             NUMERIC(7,2),\u000a    comm            NUMERIC(7,2),\u000a    dept_no         NUMERIC(2),\u000a\u0009CONSTRAINT emp_pk PRIMARY KEY (emp_no),\u000a\u0009CONSTRAINT emp_sal_ck CHECK (sal > 0),\u000a\u0009CONSTRAINT emp_ref_dept_fk FOREIGN KEY (dept_no) REFERENCES dept(dept_no)\u000a)
\u000aCREATE TABLE jobhist (\u000a    emp_no           NUMERIC(4) NOT NULL,\u000a    start_date       DATE NOT NULL,\u000a    end_date         DATE,\u000a    job             VARCHAR(9),\u000a    sal             NUMERIC(7,2),\u000a    comm            NUMERIC(7,2),\u000a    dept_no          NUMERIC(2),\u000a    chg_desc         VARCHAR(80),\u000a    CONSTRAINT jobhist_pk PRIMARY KEY (emp_no, start_date),\u000a    CONSTRAINT jobhist_ref_emp_fk FOREIGN KEY (emp_no)\u000a        REFERENCES emp(emp_no) ON DELETE CASCADE,\u000a    CONSTRAINT jobhist_ref_dept_fk FOREIGN KEY (dept_no)\u000a        REFERENCES dept (dept_no) ON DELETE SET NULL,\u000a\u0009CONSTRAINT jobhist_date_chk CHECK (start_date <= end_date)\u000a)
INSERT INTO DUAL VALUES('X')
INSERT INTO DEPT VALUES(10,'ACCOUNTING','NEW YORK')
INSERT INTO DEPT VALUES(20,'RESEARCH','DALLAS')
INSERT INTO DEPT VALUES(30,'SALES','CHICAGO')
INSERT INTO DEPT VALUES(40,'OPERATIONS','BOSTON')
INSERT INTO EMP VALUES(7369,'SMITH','CLERK',7902,'1980-12-17',800,NULL,20)
INSERT INTO EMP VALUES(7499,'ALLEN','SALESMAN',7698,'1981-02-20',1600,300,30)
INSERT INTO EMP VALUES(7521,'WARD','SALESMAN',7698,'1981-02-22',1250,500,30)
INSERT INTO EMP VALUES(7566,'JONES','MANAGER',7839,'1981-04-02',2975,NULL,20)
INSERT INTO EMP VALUES(7654,'MARTIN','SALESMAN',7698,'1981-09-28',1250,1400,30)
INSERT INTO EMP VALUES(7698,'BLAKE','MANAGER',7839,'1981-05-01',2850,NULL,30)
INSERT INTO EMP VALUES(7782,'CLARK','MANAGER',7839,'1981-06-09',2450,NULL,10)
INSERT INTO EMP VALUES(7788,'SCOTT','ANALYST',7566,'1987-04-19',3000,NULL,20)
INSERT INTO EMP VALUES(7839,'KING','PRESIDENT',NULL,'1981-11-17',5000,NULL,10)
INSERT INTO EMP VALUES(7844,'TURNER','SALESMAN',7698,'1981-09-08',1500,0,30)
INSERT INTO EMP VALUES(7876,'ADAMS','CLERK',7788,'1987-05-23',1100,NULL,20)
INSERT INTO EMP VALUES(7900,'JAMES','CLERK',7698,'1981-12-03',950,NULL,30)
INSERT INTO EMP VALUES(7902,'FORD','ANALYST',7566,'1981-12-03',3000,NULL,20)
INSERT INTO EMP VALUES(7934,'MILLER','CLERK',7782,'1982-01-23',1300,NULL,10)
INSERT INTO JOBHIST VALUES(7369,'1980-12-17',NULL,'CLERK',800,NULL,20,'New Hire')
INSERT INTO JOBHIST VALUES(7499,'1981-02-20',NULL,'SALESMAN',1600,300,30,'New Hire')
INSERT INTO JOBHIST VALUES(7521,'1981-02-22',NULL,'SALESMAN',1250,500,30,'New Hire')
INSERT INTO JOBHIST VALUES(7566,'1981-04-02',NULL,'MANAGER',2975,NULL,20,'New Hire')
INSERT INTO JOBHIST VALUES(7654,'1981-09-28',NULL,'SALESMAN',1250,1400,30,'New Hire')
INSERT INTO JOBHIST VALUES(7698,'1981-05-01',NULL,'MANAGER',2850,NULL,30,'New Hire')
INSERT INTO JOBHIST VALUES(7782,'1981-06-09',NULL,'MANAGER',2450,NULL,10,'New Hire')
INSERT INTO JOBHIST VALUES(7788,'1987-04-19','1988-04-12','CLERK',1000,NULL,20,'New Hire')
INSERT INTO JOBHIST VALUES(7788,'1988-04-13','1989-05-04','CLERK',1040,NULL,20,'Raise')
INSERT INTO JOBHIST VALUES(7788,'1990-05-05',NULL,'ANALYST',3000,NULL,20,'Promoted to Analyst')
INSERT INTO JOBHIST VALUES(7839,'1981-11-17',NULL,'PRESIDENT',5000,NULL,10,'New Hire')
INSERT INTO JOBHIST VALUES(7844,'1981-09-08',NULL,'SALESMAN',1500,0,30,'New Hire')
INSERT INTO JOBHIST VALUES(7876,'1987-05-23',NULL,'CLERK',1100,NULL,20,'New Hire')
INSERT INTO JOBHIST VALUES(7900,'1981-12-03','1983-01-14','CLERK',950,NULL,10,'New Hire')
INSERT INTO JOBHIST VALUES(7900,'1983-01-15',NULL,'CLERK',950,NULL,30,'Changed to Dept 30')
INSERT INTO JOBHIST VALUES(7902,'1981-12-03',NULL,'ANALYST',3000,NULL,20,'New Hire')
INSERT INTO JOBHIST VALUES(7934,'1982-01-23',NULL,'CLERK',1300,NULL,10,'New Hire')
COMMIT
/*C12*/ALTER SEQUENCE EMPSEQ RESTART WITH 8001
/*C11*/INSERT INTO EMP VALUES(8000,'\ud64d\uae38\ub3d9','\uac1c\ubc1c\uc790',7902,'2009-07-09',1000,0,20)
DELETE FROM EMP WHERE EMP_NO=8000
INSERT INTO EMP VALUES(8000,'\ud64d\uae38\uc21c','\uc124\uacc4\uc790',7902,'2009-07-09',1000,0,20)
COMMIT
SET AUTOCOMMIT TRUE
SET AUTOCOMMIT FALSE
drop table jobhist IF EXISTS
\u000adrop table emp IF EXISTS
\u000adrop table dept IF EXISTS
\u000adrop table dual IF EXISTS
\u000adrop sequence empseq IF EXISTS
\u000aCREATE SEQUENCE empseq START WITH 8000
\u000aCREATE TABLE dual (\u000a    dummy        VARCHAR(1) PRIMARY KEY\u000a)
\u000aCREATE TABLE dept (\u000a    dept_no          NUMERIC(2) NOT NULL,\u000a    dept_name        VARCHAR(14),\u000a    loc             VARCHAR(13),\u000a    CONSTRAINT dept_pk PRIMARY KEY (dept_no),\u000a    CONSTRAINT dept_name_uq UNIQUE (dept_name)\u000a)
\u000aCREATE TABLE emp (\u000a    emp_no          NUMERIC(4) NOT NULL,\u000a    emp_name        VARCHAR(10),\u000a    job             VARCHAR(9),\u000a    mgr             NUMERIC(4),\u000a    hire_date       DATE,\u000a    sal             NUMERIC(7,2),\u000a    comm            NUMERIC(7,2),\u000a    dept_no         NUMERIC(2),\u000a\u0009CONSTRAINT emp_pk PRIMARY KEY (emp_no),\u000a\u0009CONSTRAINT emp_sal_ck CHECK (sal > 0),\u000a\u0009CONSTRAINT emp_ref_dept_fk FOREIGN KEY (dept_no) REFERENCES dept(dept_no)\u000a)
\u000aCREATE TABLE jobhist (\u000a    emp_no           NUMERIC(4) NOT NULL,\u000a    start_date       DATE NOT NULL,\u000a    end_date         DATE,\u000a    job             VARCHAR(9),\u000a    sal             NUMERIC(7,2),\u000a    comm            NUMERIC(7,2),\u000a    dept_no          NUMERIC(2),\u000a    chg_desc         VARCHAR(80),\u000a    CONSTRAINT jobhist_pk PRIMARY KEY (emp_no, start_date),\u000a    CONSTRAINT jobhist_ref_emp_fk FOREIGN KEY (emp_no)\u000a        REFERENCES emp(emp_no) ON DELETE CASCADE,\u000a    CONSTRAINT jobhist_ref_dept_fk FOREIGN KEY (dept_no)\u000a        REFERENCES dept (dept_no) ON DELETE SET NULL,\u000a\u0009CONSTRAINT jobhist_date_chk CHECK (start_date <= end_date)\u000a)
INSERT INTO DUAL VALUES('X')
INSERT INTO DEPT VALUES(10,'ACCOUNTING','NEW YORK')
INSERT INTO DEPT VALUES(20,'RESEARCH','DALLAS')
INSERT INTO DEPT VALUES(30,'SALES','CHICAGO')
INSERT INTO DEPT VALUES(40,'OPERATIONS','BOSTON')
INSERT INTO EMP VALUES(7369,'SMITH','CLERK',7902,'1980-12-17',800,NULL,20)
INSERT INTO EMP VALUES(7499,'ALLEN','SALESMAN',7698,'1981-02-20',1600,300,30)
INSERT INTO EMP VALUES(7521,'WARD','SALESMAN',7698,'1981-02-22',1250,500,30)
INSERT INTO EMP VALUES(7566,'JONES','MANAGER',7839,'1981-04-02',2975,NULL,20)
INSERT INTO EMP VALUES(7654,'MARTIN','SALESMAN',7698,'1981-09-28',1250,1400,30)
INSERT INTO EMP VALUES(7698,'BLAKE','MANAGER',7839,'1981-05-01',2850,NULL,30)
INSERT INTO EMP VALUES(7782,'CLARK','MANAGER',7839,'1981-06-09',2450,NULL,10)
INSERT INTO EMP VALUES(7788,'SCOTT','ANALYST',7566,'1987-04-19',3000,NULL,20)
INSERT INTO EMP VALUES(7839,'KING','PRESIDENT',NULL,'1981-11-17',5000,NULL,10)
INSERT INTO EMP VALUES(7844,'TURNER','SALESMAN',7698,'1981-09-08',1500,0,30)
INSERT INTO EMP VALUES(7876,'ADAMS','CLERK',7788,'1987-05-23',1100,NULL,20)
INSERT INTO EMP VALUES(7900,'JAMES','CLERK',7698,'1981-12-03',950,NULL,30)
INSERT INTO EMP VALUES(7902,'FORD','ANALYST',7566,'1981-12-03',3000,NULL,20)
INSERT INTO EMP VALUES(7934,'MILLER','CLERK',7782,'1982-01-23',1300,NULL,10)
INSERT INTO JOBHIST VALUES(7369,'1980-12-17',NULL,'CLERK',800,NULL,20,'New Hire')
INSERT INTO JOBHIST VALUES(7499,'1981-02-20',NULL,'SALESMAN',1600,300,30,'New Hire')
INSERT INTO JOBHIST VALUES(7521,'1981-02-22',NULL,'SALESMAN',1250,500,30,'New Hire')
INSERT INTO JOBHIST VALUES(7566,'1981-04-02',NULL,'MANAGER',2975,NULL,20,'New Hire')
INSERT INTO JOBHIST VALUES(7654,'1981-09-28',NULL,'SALESMAN',1250,1400,30,'New Hire')
INSERT INTO JOBHIST VALUES(7698,'1981-05-01',NULL,'MANAGER',2850,NULL,30,'New Hire')
INSERT INTO JOBHIST VALUES(7782,'1981-06-09',NULL,'MANAGER',2450,NULL,10,'New Hire')
INSERT INTO JOBHIST VALUES(7788,'1987-04-19','1988-04-12','CLERK',1000,NULL,20,'New Hire')
INSERT INTO JOBHIST VALUES(7788,'1988-04-13','1989-05-04','CLERK',1040,NULL,20,'Raise')
INSERT INTO JOBHIST VALUES(7788,'1990-05-05',NULL,'ANALYST',3000,NULL,20,'Promoted to Analyst')
INSERT INTO JOBHIST VALUES(7839,'1981-11-17',NULL,'PRESIDENT',5000,NULL,10,'New Hire')
INSERT INTO JOBHIST VALUES(7844,'1981-09-08',NULL,'SALESMAN',1500,0,30,'New Hire')
INSERT INTO JOBHIST VALUES(7876,'1987-05-23',NULL,'CLERK',1100,NULL,20,'New Hire')
INSERT INTO JOBHIST VALUES(7900,'1981-12-03','1983-01-14','CLERK',950,NULL,10,'New Hire')
INSERT INTO JOBHIST VALUES(7900,'1983-01-15',NULL,'CLERK',950,NULL,30,'Changed to Dept 30')
INSERT INTO JOBHIST VALUES(7902,'1981-12-03',NULL,'ANALYST',3000,NULL,20,'New Hire')
INSERT INTO JOBHIST VALUES(7934,'1982-01-23',NULL,'CLERK',1300,NULL,10,'New Hire')
COMMIT
/*C12*/ALTER SEQUENCE EMPSEQ RESTART WITH 8001
/*C11*/INSERT INTO EMP VALUES(8000,'\ud64d\uae38\ub3d9','\uac1c\ubc1c\uc790',7902,'2009-07-09',1000,0,20)
DELETE FROM EMP WHERE EMP_NO=8000
COMMIT
SET AUTOCOMMIT TRUE
SET AUTOCOMMIT FALSE
drop table jobhist IF EXISTS
\u000adrop table emp IF EXISTS
\u000adrop table dept IF EXISTS
\u000adrop table dual IF EXISTS
\u000adrop sequence empseq IF EXISTS
\u000aCREATE SEQUENCE empseq START WITH 8000
\u000aCREATE TABLE dual (\u000a    dummy        VARCHAR(1) PRIMARY KEY\u000a)
\u000aCREATE TABLE dept (\u000a    dept_no          NUMERIC(2) NOT NULL,\u000a    dept_name        VARCHAR(14),\u000a    loc             VARCHAR(13),\u000a    CONSTRAINT dept_pk PRIMARY KEY (dept_no),\u000a    CONSTRAINT dept_name_uq UNIQUE (dept_name)\u000a)
\u000aCREATE TABLE emp (\u000a    emp_no          NUMERIC(4) NOT NULL,\u000a    emp_name        VARCHAR(10),\u000a    job             VARCHAR(9),\u000a    mgr             NUMERIC(4),\u000a    hire_date       DATE,\u000a    sal             NUMERIC(7,2),\u000a    comm            NUMERIC(7,2),\u000a    dept_no         NUMERIC(2),\u000a\u0009CONSTRAINT emp_pk PRIMARY KEY (emp_no),\u000a\u0009CONSTRAINT emp_sal_ck CHECK (sal > 0),\u000a\u0009CONSTRAINT emp_ref_dept_fk FOREIGN KEY (dept_no) REFERENCES dept(dept_no)\u000a)
\u000aCREATE TABLE jobhist (\u000a    emp_no           NUMERIC(4) NOT NULL,\u000a    start_date       DATE NOT NULL,\u000a    end_date         DATE,\u000a    job             VARCHAR(9),\u000a    sal             NUMERIC(7,2),\u000a    comm            NUMERIC(7,2),\u000a    dept_no          NUMERIC(2),\u000a    chg_desc         VARCHAR(80),\u000a    CONSTRAINT jobhist_pk PRIMARY KEY (emp_no, start_date),\u000a    CONSTRAINT jobhist_ref_emp_fk FOREIGN KEY (emp_no)\u000a        REFERENCES emp(emp_no) ON DELETE CASCADE,\u000a    CONSTRAINT jobhist_ref_dept_fk FOREIGN KEY (dept_no)\u000a        REFERENCES dept (dept_no) ON DELETE SET NULL,\u000a\u0009CONSTRAINT jobhist_date_chk CHECK (start_date <= end_date)\u000a)
INSERT INTO DUAL VALUES('X')
INSERT INTO DEPT VALUES(10,'ACCOUNTING','NEW YORK')
INSERT INTO DEPT VALUES(20,'RESEARCH','DALLAS')
INSERT INTO DEPT VALUES(30,'SALES','CHICAGO')
INSERT INTO DEPT VALUES(40,'OPERATIONS','BOSTON')
INSERT INTO EMP VALUES(7369,'SMITH','CLERK',7902,'1980-12-17',800,NULL,20)
INSERT INTO EMP VALUES(7499,'ALLEN','SALESMAN',7698,'1981-02-20',1600,300,30)
INSERT INTO EMP VALUES(7521,'WARD','SALESMAN',7698,'1981-02-22',1250,500,30)
INSERT INTO EMP VALUES(7566,'JONES','MANAGER',7839,'1981-04-02',2975,NULL,20)
INSERT INTO EMP VALUES(7654,'MARTIN','SALESMAN',7698,'1981-09-28',1250,1400,30)
INSERT INTO EMP VALUES(7698,'BLAKE','MANAGER',7839,'1981-05-01',2850,NULL,30)
INSERT INTO EMP VALUES(7782,'CLARK','MANAGER',7839,'1981-06-09',2450,NULL,10)
INSERT INTO EMP VALUES(7788,'SCOTT','ANALYST',7566,'1987-04-19',3000,NULL,20)
INSERT INTO EMP VALUES(7839,'KING','PRESIDENT',NULL,'1981-11-17',5000,NULL,10)
INSERT INTO EMP VALUES(7844,'TURNER','SALESMAN',7698,'1981-09-08',1500,0,30)
INSERT INTO EMP VALUES(7876,'ADAMS','CLERK',7788,'1987-05-23',1100,NULL,20)
INSERT INTO EMP VALUES(7900,'JAMES','CLERK',7698,'1981-12-03',950,NULL,30)
INSERT INTO EMP VALUES(7902,'FORD','ANALYST',7566,'1981-12-03',3000,NULL,20)
INSERT INTO EMP VALUES(7934,'MILLER','CLERK',7782,'1982-01-23',1300,NULL,10)
INSERT INTO JOBHIST VALUES(7369,'1980-12-17',NULL,'CLERK',800,NULL,20,'New Hire')
INSERT INTO JOBHIST VALUES(7499,'1981-02-20',NULL,'SALESMAN',1600,300,30,'New Hire')
INSERT INTO JOBHIST VALUES(7521,'1981-02-22',NULL,'SALESMAN',1250,500,30,'New Hire')
INSERT INTO JOBHIST VALUES(7566,'1981-04-02',NULL,'MANAGER',2975,NULL,20,'New Hire')
INSERT INTO JOBHIST VALUES(7654,'1981-09-28',NULL,'SALESMAN',1250,1400,30,'New Hire')
INSERT INTO JOBHIST VALUES(7698,'1981-05-01',NULL,'MANAGER',2850,NULL,30,'New Hire')
INSERT INTO JOBHIST VALUES(7782,'1981-06-09',NULL,'MANAGER',2450,NULL,10,'New Hire')
INSERT INTO JOBHIST VALUES(7788,'1987-04-19','1988-04-12','CLERK',1000,NULL,20,'New Hire')
INSERT INTO JOBHIST VALUES(7788,'1988-04-13','1989-05-04','CLERK',1040,NULL,20,'Raise')
INSERT INTO JOBHIST VALUES(7788,'1990-05-05',NULL,'ANALYST',3000,NULL,20,'Promoted to Analyst')
INSERT INTO JOBHIST VALUES(7839,'1981-11-17',NULL,'PRESIDENT',5000,NULL,10,'New Hire')
INSERT INTO JOBHIST VALUES(7844,'1981-09-08',NULL,'SALESMAN',1500,0,30,'New Hire')
INSERT INTO JOBHIST VALUES(7876,'1987-05-23',NULL,'CLERK',1100,NULL,20,'New Hire')
INSERT INTO JOBHIST VALUES(7900,'1981-12-03','1983-01-14','CLERK',950,NULL,10,'New Hire')
INSERT INTO JOBHIST VALUES(7900,'1983-01-15',NULL,'CLERK',950,NULL,30,'Changed to Dept 30')
INSERT INTO JOBHIST VALUES(7902,'1981-12-03',NULL,'ANALYST',3000,NULL,20,'New Hire')
INSERT INTO JOBHIST VALUES(7934,'1982-01-23',NULL,'CLERK',1300,NULL,10,'New Hire')
COMMIT
/*C12*/ALTER SEQUENCE EMPSEQ RESTART WITH 8001
/*C11*/INSERT INTO EMP VALUES(8000,'\ud64d\uae38\ub3d9','\uac1c\ubc1c\uc790',7902,'2009-07-09',1000,0,20)
COMMIT
SET AUTOCOMMIT TRUE
SET AUTOCOMMIT FALSE
drop table jobhist IF EXISTS
\u000adrop table emp IF EXISTS
\u000adrop table dept IF EXISTS
\u000adrop table dual IF EXISTS
\u000adrop sequence empseq IF EXISTS
\u000aCREATE SEQUENCE empseq START WITH 8000
\u000aCREATE TABLE dual (\u000a    dummy        VARCHAR(1) PRIMARY KEY\u000a)
\u000aCREATE TABLE dept (\u000a    dept_no          NUMERIC(2) NOT NULL,\u000a    dept_name        VARCHAR(14),\u000a    loc             VARCHAR(13),\u000a    CONSTRAINT dept_pk PRIMARY KEY (dept_no),\u000a    CONSTRAINT dept_name_uq UNIQUE (dept_name)\u000a)
\u000aCREATE TABLE emp (\u000a    emp_no          NUMERIC(4) NOT NULL,\u000a    emp_name        VARCHAR(10),\u000a    job             VARCHAR(9),\u000a    mgr             NUMERIC(4),\u000a    hire_date       DATE,\u000a    sal             NUMERIC(7,2),\u000a    comm            NUMERIC(7,2),\u000a    dept_no         NUMERIC(2),\u000a\u0009CONSTRAINT emp_pk PRIMARY KEY (emp_no),\u000a\u0009CONSTRAINT emp_sal_ck CHECK (sal > 0),\u000a\u0009CONSTRAINT emp_ref_dept_fk FOREIGN KEY (dept_no) REFERENCES dept(dept_no)\u000a)
\u000aCREATE TABLE jobhist (\u000a    emp_no           NUMERIC(4) NOT NULL,\u000a    start_date       DATE NOT NULL,\u000a    end_date         DATE,\u000a    job             VARCHAR(9),\u000a    sal             NUMERIC(7,2),\u000a    comm            NUMERIC(7,2),\u000a    dept_no          NUMERIC(2),\u000a    chg_desc         VARCHAR(80),\u000a    CONSTRAINT jobhist_pk PRIMARY KEY (emp_no, start_date),\u000a    CONSTRAINT jobhist_ref_emp_fk FOREIGN KEY (emp_no)\u000a        REFERENCES emp(emp_no) ON DELETE CASCADE,\u000a    CONSTRAINT jobhist_ref_dept_fk FOREIGN KEY (dept_no)\u000a        REFERENCES dept (dept_no) ON DELETE SET NULL,\u000a\u0009CONSTRAINT jobhist_date_chk CHECK (start_date <= end_date)\u000a)
INSERT INTO DUAL VALUES('X')
INSERT INTO DEPT VALUES(10,'ACCOUNTING','NEW YORK')
INSERT INTO DEPT VALUES(20,'RESEARCH','DALLAS')
INSERT INTO DEPT VALUES(30,'SALES','CHICAGO')
INSERT INTO DEPT VALUES(40,'OPERATIONS','BOSTON')
INSERT INTO EMP VALUES(7369,'SMITH','CLERK',7902,'1980-12-17',800,NULL,20)
INSERT INTO EMP VALUES(7499,'ALLEN','SALESMAN',7698,'1981-02-20',1600,300,30)
INSERT INTO EMP VALUES(7521,'WARD','SALESMAN',7698,'1981-02-22',1250,500,30)
INSERT INTO EMP VALUES(7566,'JONES','MANAGER',7839,'1981-04-02',2975,NULL,20)
INSERT INTO EMP VALUES(7654,'MARTIN','SALESMAN',7698,'1981-09-28',1250,1400,30)
INSERT INTO EMP VALUES(7698,'BLAKE','MANAGER',7839,'1981-05-01',2850,NULL,30)
INSERT INTO EMP VALUES(7782,'CLARK','MANAGER',7839,'1981-06-09',2450,NULL,10)
INSERT INTO EMP VALUES(7788,'SCOTT','ANALYST',7566,'1987-04-19',3000,NULL,20)
INSERT INTO EMP VALUES(7839,'KING','PRESIDENT',NULL,'1981-11-17',5000,NULL,10)
INSERT INTO EMP VALUES(7844,'TURNER','SALESMAN',7698,'1981-09-08',1500,0,30)
INSERT INTO EMP VALUES(7876,'ADAMS','CLERK',7788,'1987-05-23',1100,NULL,20)
INSERT INTO EMP VALUES(7900,'JAMES','CLERK',7698,'1981-12-03',950,NULL,30)
INSERT INTO EMP VALUES(7902,'FORD','ANALYST',7566,'1981-12-03',3000,NULL,20)
INSERT INTO EMP VALUES(7934,'MILLER','CLERK',7782,'1982-01-23',1300,NULL,10)
INSERT INTO JOBHIST VALUES(7369,'1980-12-17',NULL,'CLERK',800,NULL,20,'New Hire')
INSERT INTO JOBHIST VALUES(7499,'1981-02-20',NULL,'SALESMAN',1600,300,30,'New Hire')
INSERT INTO JOBHIST VALUES(7521,'1981-02-22',NULL,'SALESMAN',1250,500,30,'New Hire')
INSERT INTO JOBHIST VALUES(7566,'1981-04-02',NULL,'MANAGER',2975,NULL,20,'New Hire')
INSERT INTO JOBHIST VALUES(7654,'1981-09-28',NULL,'SALESMAN',1250,1400,30,'New Hire')
INSERT INTO JOBHIST VALUES(7698,'1981-05-01',NULL,'MANAGER',2850,NULL,30,'New Hire')
INSERT INTO JOBHIST VALUES(7782,'1981-06-09',NULL,'MANAGER',2450,NULL,10,'New Hire')
INSERT INTO JOBHIST VALUES(7788,'1987-04-19','1988-04-12','CLERK',1000,NULL,20,'New Hire')
INSERT INTO JOBHIST VALUES(7788,'1988-04-13','1989-05-04','CLERK',1040,NULL,20,'Raise')
INSERT INTO JOBHIST VALUES(7788,'1990-05-05',NULL,'ANALYST',3000,NULL,20,'Promoted to Analyst')
INSERT INTO JOBHIST VALUES(7839,'1981-11-17',NULL,'PRESIDENT',5000,NULL,10,'New Hire')
INSERT INTO JOBHIST VALUES(7844,'1981-09-08',NULL,'SALESMAN',1500,0,30,'New Hire')
INSERT INTO JOBHIST VALUES(7876,'1987-05-23',NULL,'CLERK',1100,NULL,20,'New Hire')
INSERT INTO JOBHIST VALUES(7900,'1981-12-03','1983-01-14','CLERK',950,NULL,10,'New Hire')
INSERT INTO JOBHIST VALUES(7900,'1983-01-15',NULL,'CLERK',950,NULL,30,'Changed to Dept 30')
INSERT INTO JOBHIST VALUES(7902,'1981-12-03',NULL,'ANALYST',3000,NULL,20,'New Hire')
INSERT INTO JOBHIST VALUES(7934,'1982-01-23',NULL,'CLERK',1300,NULL,10,'New Hire')
COMMIT
INSERT INTO DEPT VALUES(90,'test \ubd80\uc11c','test \uc704\uce58')
COMMIT
SET AUTOCOMMIT TRUE
SET AUTOCOMMIT FALSE
drop table jobhist IF EXISTS
\u000adrop table emp IF EXISTS
\u000adrop table dept IF EXISTS
\u000adrop table dual IF EXISTS
\u000adrop sequence empseq IF EXISTS
\u000aCREATE SEQUENCE empseq START WITH 8000
\u000aCREATE TABLE dual (\u000a    dummy        VARCHAR(1) PRIMARY KEY\u000a)
\u000aCREATE TABLE dept (\u000a    dept_no          NUMERIC(2) NOT NULL,\u000a    dept_name        VARCHAR(14),\u000a    loc             VARCHAR(13),\u000a    CONSTRAINT dept_pk PRIMARY KEY (dept_no),\u000a    CONSTRAINT dept_name_uq UNIQUE (dept_name)\u000a)
\u000aCREATE TABLE emp (\u000a    emp_no          NUMERIC(4) NOT NULL,\u000a    emp_name        VARCHAR(10),\u000a    job             VARCHAR(9),\u000a    mgr             NUMERIC(4),\u000a    hire_date       DATE,\u000a    sal             NUMERIC(7,2),\u000a    comm            NUMERIC(7,2),\u000a    dept_no         NUMERIC(2),\u000a\u0009CONSTRAINT emp_pk PRIMARY KEY (emp_no),\u000a\u0009CONSTRAINT emp_sal_ck CHECK (sal > 0),\u000a\u0009CONSTRAINT emp_ref_dept_fk FOREIGN KEY (dept_no) REFERENCES dept(dept_no)\u000a)
\u000aCREATE TABLE jobhist (\u000a    emp_no           NUMERIC(4) NOT NULL,\u000a    start_date       DATE NOT NULL,\u000a    end_date         DATE,\u000a    job             VARCHAR(9),\u000a    sal             NUMERIC(7,2),\u000a    comm            NUMERIC(7,2),\u000a    dept_no          NUMERIC(2),\u000a    chg_desc         VARCHAR(80),\u000a    CONSTRAINT jobhist_pk PRIMARY KEY (emp_no, start_date),\u000a    CONSTRAINT jobhist_ref_emp_fk FOREIGN KEY (emp_no)\u000a        REFERENCES emp(emp_no) ON DELETE CASCADE,\u000a    CONSTRAINT jobhist_ref_dept_fk FOREIGN KEY (dept_no)\u000a        REFERENCES dept (dept_no) ON DELETE SET NULL,\u000a\u0009CONSTRAINT jobhist_date_chk CHECK (start_date <= end_date)\u000a)
INSERT INTO DUAL VALUES('X')
INSERT INTO DEPT VALUES(10,'ACCOUNTING','NEW YORK')
INSERT INTO DEPT VALUES(20,'RESEARCH','DALLAS')
INSERT INTO DEPT VALUES(30,'SALES','CHICAGO')
INSERT INTO DEPT VALUES(40,'OPERATIONS','BOSTON')
INSERT INTO EMP VALUES(7369,'SMITH','CLERK',7902,'1980-12-17',800,NULL,20)
INSERT INTO EMP VALUES(7499,'ALLEN','SALESMAN',7698,'1981-02-20',1600,300,30)
INSERT INTO EMP VALUES(7521,'WARD','SALESMAN',7698,'1981-02-22',1250,500,30)
INSERT INTO EMP VALUES(7566,'JONES','MANAGER',7839,'1981-04-02',2975,NULL,20)
INSERT INTO EMP VALUES(7654,'MARTIN','SALESMAN',7698,'1981-09-28',1250,1400,30)
INSERT INTO EMP VALUES(7698,'BLAKE','MANAGER',7839,'1981-05-01',2850,NULL,30)
INSERT INTO EMP VALUES(7782,'CLARK','MANAGER',7839,'1981-06-09',2450,NULL,10)
INSERT INTO EMP VALUES(7788,'SCOTT','ANALYST',7566,'1987-04-19',3000,NULL,20)
INSERT INTO EMP VALUES(7839,'KING','PRESIDENT',NULL,'1981-11-17',5000,NULL,10)
INSERT INTO EMP VALUES(7844,'TURNER','SALESMAN',7698,'1981-09-08',1500,0,30)
INSERT INTO EMP VALUES(7876,'ADAMS','CLERK',7788,'1987-05-23',1100,NULL,20)
INSERT INTO EMP VALUES(7900,'JAMES','CLERK',7698,'1981-12-03',950,NULL,30)
INSERT INTO EMP VALUES(7902,'FORD','ANALYST',7566,'1981-12-03',3000,NULL,20)
INSERT INTO EMP VALUES(7934,'MILLER','CLERK',7782,'1982-01-23',1300,NULL,10)
INSERT INTO JOBHIST VALUES(7369,'1980-12-17',NULL,'CLERK',800,NULL,20,'New Hire')
INSERT INTO JOBHIST VALUES(7499,'1981-02-20',NULL,'SALESMAN',1600,300,30,'New Hire')
INSERT INTO JOBHIST VALUES(7521,'1981-02-22',NULL,'SALESMAN',1250,500,30,'New Hire')
INSERT INTO JOBHIST VALUES(7566,'1981-04-02',NULL,'MANAGER',2975,NULL,20,'New Hire')
INSERT INTO JOBHIST VALUES(7654,'1981-09-28',NULL,'SALESMAN',1250,1400,30,'New Hire')
INSERT INTO JOBHIST VALUES(7698,'1981-05-01',NULL,'MANAGER',2850,NULL,30,'New Hire')
INSERT INTO JOBHIST VALUES(7782,'1981-06-09',NULL,'MANAGER',2450,NULL,10,'New Hire')
INSERT INTO JOBHIST VALUES(7788,'1987-04-19','1988-04-12','CLERK',1000,NULL,20,'New Hire')
INSERT INTO JOBHIST VALUES(7788,'1988-04-13','1989-05-04','CLERK',1040,NULL,20,'Raise')
INSERT INTO JOBHIST VALUES(7788,'1990-05-05',NULL,'ANALYST',3000,NULL,20,'Promoted to Analyst')
INSERT INTO JOBHIST VALUES(7839,'1981-11-17',NULL,'PRESIDENT',5000,NULL,10,'New Hire')
INSERT INTO JOBHIST VALUES(7844,'1981-09-08',NULL,'SALESMAN',1500,0,30,'New Hire')
INSERT INTO JOBHIST VALUES(7876,'1987-05-23',NULL,'CLERK',1100,NULL,20,'New Hire')
INSERT INTO JOBHIST VALUES(7900,'1981-12-03','1983-01-14','CLERK',950,NULL,10,'New Hire')
INSERT INTO JOBHIST VALUES(7900,'1983-01-15',NULL,'CLERK',950,NULL,30,'Changed to Dept 30')
INSERT INTO JOBHIST VALUES(7902,'1981-12-03',NULL,'ANALYST',3000,NULL,20,'New Hire')
INSERT INTO JOBHIST VALUES(7934,'1982-01-23',NULL,'CLERK',1300,NULL,10,'New Hire')
COMMIT
INSERT INTO DEPT VALUES(90,'test \ubd80\uc11c','test \uc704\uce58')
DELETE FROM DEPT WHERE DEPT_NO=90
INSERT INTO DEPT VALUES(90,'upd Dept','upd loc')
COMMIT
SET AUTOCOMMIT TRUE
SET AUTOCOMMIT FALSE
drop table jobhist IF EXISTS
\u000adrop table emp IF EXISTS
\u000adrop table dept IF EXISTS
\u000adrop table dual IF EXISTS
\u000adrop sequence empseq IF EXISTS
\u000aCREATE SEQUENCE empseq START WITH 8000
\u000aCREATE TABLE dual (\u000a    dummy        VARCHAR(1) PRIMARY KEY\u000a)
\u000aCREATE TABLE dept (\u000a    dept_no          NUMERIC(2) NOT NULL,\u000a    dept_name        VARCHAR(14),\u000a    loc             VARCHAR(13),\u000a    CONSTRAINT dept_pk PRIMARY KEY (dept_no),\u000a    CONSTRAINT dept_name_uq UNIQUE (dept_name)\u000a)
\u000aCREATE TABLE emp (\u000a    emp_no          NUMERIC(4) NOT NULL,\u000a    emp_name        VARCHAR(10),\u000a    job             VARCHAR(9),\u000a    mgr             NUMERIC(4),\u000a    hire_date       DATE,\u000a    sal             NUMERIC(7,2),\u000a    comm            NUMERIC(7,2),\u000a    dept_no         NUMERIC(2),\u000a\u0009CONSTRAINT emp_pk PRIMARY KEY (emp_no),\u000a\u0009CONSTRAINT emp_sal_ck CHECK (sal > 0),\u000a\u0009CONSTRAINT emp_ref_dept_fk FOREIGN KEY (dept_no) REFERENCES dept(dept_no)\u000a)
\u000aCREATE TABLE jobhist (\u000a    emp_no           NUMERIC(4) NOT NULL,\u000a    start_date       DATE NOT NULL,\u000a    end_date         DATE,\u000a    job             VARCHAR(9),\u000a    sal             NUMERIC(7,2),\u000a    comm            NUMERIC(7,2),\u000a    dept_no          NUMERIC(2),\u000a    chg_desc         VARCHAR(80),\u000a    CONSTRAINT jobhist_pk PRIMARY KEY (emp_no, start_date),\u000a    CONSTRAINT jobhist_ref_emp_fk FOREIGN KEY (emp_no)\u000a        REFERENCES emp(emp_no) ON DELETE CASCADE,\u000a    CONSTRAINT jobhist_ref_dept_fk FOREIGN KEY (dept_no)\u000a        REFERENCES dept (dept_no) ON DELETE SET NULL,\u000a\u0009CONSTRAINT jobhist_date_chk CHECK (start_date <= end_date)\u000a)
INSERT INTO DUAL VALUES('X')
INSERT INTO DEPT VALUES(10,'ACCOUNTING','NEW YORK')
INSERT INTO DEPT VALUES(20,'RESEARCH','DALLAS')
INSERT INTO DEPT VALUES(30,'SALES','CHICAGO')
INSERT INTO DEPT VALUES(40,'OPERATIONS','BOSTON')
INSERT INTO EMP VALUES(7369,'SMITH','CLERK',7902,'1980-12-17',800,NULL,20)
INSERT INTO EMP VALUES(7499,'ALLEN','SALESMAN',7698,'1981-02-20',1600,300,30)
INSERT INTO EMP VALUES(7521,'WARD','SALESMAN',7698,'1981-02-22',1250,500,30)
INSERT INTO EMP VALUES(7566,'JONES','MANAGER',7839,'1981-04-02',2975,NULL,20)
INSERT INTO EMP VALUES(7654,'MARTIN','SALESMAN',7698,'1981-09-28',1250,1400,30)
INSERT INTO EMP VALUES(7698,'BLAKE','MANAGER',7839,'1981-05-01',2850,NULL,30)
INSERT INTO EMP VALUES(7782,'CLARK','MANAGER',7839,'1981-06-09',2450,NULL,10)
INSERT INTO EMP VALUES(7788,'SCOTT','ANALYST',7566,'1987-04-19',3000,NULL,20)
INSERT INTO EMP VALUES(7839,'KING','PRESIDENT',NULL,'1981-11-17',5000,NULL,10)
INSERT INTO EMP VALUES(7844,'TURNER','SALESMAN',7698,'1981-09-08',1500,0,30)
INSERT INTO EMP VALUES(7876,'ADAMS','CLERK',7788,'1987-05-23',1100,NULL,20)
INSERT INTO EMP VALUES(7900,'JAMES','CLERK',7698,'1981-12-03',950,NULL,30)
INSERT INTO EMP VALUES(7902,'FORD','ANALYST',7566,'1981-12-03',3000,NULL,20)
INSERT INTO EMP VALUES(7934,'MILLER','CLERK',7782,'1982-01-23',1300,NULL,10)
INSERT INTO JOBHIST VALUES(7369,'1980-12-17',NULL,'CLERK',800,NULL,20,'New Hire')
INSERT INTO JOBHIST VALUES(7499,'1981-02-20',NULL,'SALESMAN',1600,300,30,'New Hire')
INSERT INTO JOBHIST VALUES(7521,'1981-02-22',NULL,'SALESMAN',1250,500,30,'New Hire')
INSERT INTO JOBHIST VALUES(7566,'1981-04-02',NULL,'MANAGER',2975,NULL,20,'New Hire')
INSERT INTO JOBHIST VALUES(7654,'1981-09-28',NULL,'SALESMAN',1250,1400,30,'New Hire')
INSERT INTO JOBHIST VALUES(7698,'1981-05-01',NULL,'MANAGER',2850,NULL,30,'New Hire')
INSERT INTO JOBHIST VALUES(7782,'1981-06-09',NULL,'MANAGER',2450,NULL,10,'New Hire')
INSERT INTO JOBHIST VALUES(7788,'1987-04-19','1988-04-12','CLERK',1000,NULL,20,'New Hire')
INSERT INTO JOBHIST VALUES(7788,'1988-04-13','1989-05-04','CLERK',1040,NULL,20,'Raise')
INSERT INTO JOBHIST VALUES(7788,'1990-05-05',NULL,'ANALYST',3000,NULL,20,'Promoted to Analyst')
INSERT INTO JOBHIST VALUES(7839,'1981-11-17',NULL,'PRESIDENT',5000,NULL,10,'New Hire')
INSERT INTO JOBHIST VALUES(7844,'1981-09-08',NULL,'SALESMAN',1500,0,30,'New Hire')
INSERT INTO JOBHIST VALUES(7876,'1987-05-23',NULL,'CLERK',1100,NULL,20,'New Hire')
INSERT INTO JOBHIST VALUES(7900,'1981-12-03','1983-01-14','CLERK',950,NULL,10,'New Hire')
INSERT INTO JOBHIST VALUES(7900,'1983-01-15',NULL,'CLERK',950,NULL,30,'Changed to Dept 30')
INSERT INTO JOBHIST VALUES(7902,'1981-12-03',NULL,'ANALYST',3000,NULL,20,'New Hire')
INSERT INTO JOBHIST VALUES(7934,'1982-01-23',NULL,'CLERK',1300,NULL,10,'New Hire')
COMMIT
INSERT INTO DEPT VALUES(90,'test \ubd80\uc11c','test \uc704\uce58')
DELETE FROM DEPT WHERE DEPT_NO=90
COMMIT
SET AUTOCOMMIT TRUE
SET AUTOCOMMIT FALSE
drop table jobhist IF EXISTS
\u000adrop table emp IF EXISTS
\u000adrop table dept IF EXISTS
\u000adrop table dual IF EXISTS
\u000adrop sequence empseq IF EXISTS
\u000aCREATE SEQUENCE empseq START WITH 8000
\u000aCREATE TABLE dual (\u000a    dummy        VARCHAR(1) PRIMARY KEY\u000a)
\u000aCREATE TABLE dept (\u000a    dept_no          NUMERIC(2) NOT NULL,\u000a    dept_name        VARCHAR(14),\u000a    loc             VARCHAR(13),\u000a    CONSTRAINT dept_pk PRIMARY KEY (dept_no),\u000a    CONSTRAINT dept_name_uq UNIQUE (dept_name)\u000a)
\u000aCREATE TABLE emp (\u000a    emp_no          NUMERIC(4) NOT NULL,\u000a    emp_name        VARCHAR(10),\u000a    job             VARCHAR(9),\u000a    mgr             NUMERIC(4),\u000a    hire_date       DATE,\u000a    sal             NUMERIC(7,2),\u000a    comm            NUMERIC(7,2),\u000a    dept_no         NUMERIC(2),\u000a\u0009CONSTRAINT emp_pk PRIMARY KEY (emp_no),\u000a\u0009CONSTRAINT emp_sal_ck CHECK (sal > 0),\u000a\u0009CONSTRAINT emp_ref_dept_fk FOREIGN KEY (dept_no) REFERENCES dept(dept_no)\u000a)
\u000aCREATE TABLE jobhist (\u000a    emp_no           NUMERIC(4) NOT NULL,\u000a    start_date       DATE NOT NULL,\u000a    end_date         DATE,\u000a    job             VARCHAR(9),\u000a    sal             NUMERIC(7,2),\u000a    comm            NUMERIC(7,2),\u000a    dept_no          NUMERIC(2),\u000a    chg_desc         VARCHAR(80),\u000a    CONSTRAINT jobhist_pk PRIMARY KEY (emp_no, start_date),\u000a    CONSTRAINT jobhist_ref_emp_fk FOREIGN KEY (emp_no)\u000a        REFERENCES emp(emp_no) ON DELETE CASCADE,\u000a    CONSTRAINT jobhist_ref_dept_fk FOREIGN KEY (dept_no)\u000a        REFERENCES dept (dept_no) ON DELETE SET NULL,\u000a\u0009CONSTRAINT jobhist_date_chk CHECK (start_date <= end_date)\u000a)
INSERT INTO DUAL VALUES('X')
INSERT INTO DEPT VALUES(10,'ACCOUNTING','NEW YORK')
INSERT INTO DEPT VALUES(20,'RESEARCH','DALLAS')
INSERT INTO DEPT VALUES(30,'SALES','CHICAGO')
INSERT INTO DEPT VALUES(40,'OPERATIONS','BOSTON')
INSERT INTO EMP VALUES(7369,'SMITH','CLERK',7902,'1980-12-17',800,NULL,20)
INSERT INTO EMP VALUES(7499,'ALLEN','SALESMAN',7698,'1981-02-20',1600,300,30)
INSERT INTO EMP VALUES(7521,'WARD','SALESMAN',7698,'1981-02-22',1250,500,30)
INSERT INTO EMP VALUES(7566,'JONES','MANAGER',7839,'1981-04-02',2975,NULL,20)
INSERT INTO EMP VALUES(7654,'MARTIN','SALESMAN',7698,'1981-09-28',1250,1400,30)
INSERT INTO EMP VALUES(7698,'BLAKE','MANAGER',7839,'1981-05-01',2850,NULL,30)
INSERT INTO EMP VALUES(7782,'CLARK','MANAGER',7839,'1981-06-09',2450,NULL,10)
INSERT INTO EMP VALUES(7788,'SCOTT','ANALYST',7566,'1987-04-19',3000,NULL,20)
INSERT INTO EMP VALUES(7839,'KING','PRESIDENT',NULL,'1981-11-17',5000,NULL,10)
INSERT INTO EMP VALUES(7844,'TURNER','SALESMAN',7698,'1981-09-08',1500,0,30)
INSERT INTO EMP VALUES(7876,'ADAMS','CLERK',7788,'1987-05-23',1100,NULL,20)
INSERT INTO EMP VALUES(7900,'JAMES','CLERK',7698,'1981-12-03',950,NULL,30)
INSERT INTO EMP VALUES(7902,'FORD','ANALYST',7566,'1981-12-03',3000,NULL,20)
INSERT INTO EMP VALUES(7934,'MILLER','CLERK',7782,'1982-01-23',1300,NULL,10)
INSERT INTO JOBHIST VALUES(7369,'1980-12-17',NULL,'CLERK',800,NULL,20,'New Hire')
INSERT INTO JOBHIST VALUES(7499,'1981-02-20',NULL,'SALESMAN',1600,300,30,'New Hire')
INSERT INTO JOBHIST VALUES(7521,'1981-02-22',NULL,'SALESMAN',1250,500,30,'New Hire')
INSERT INTO JOBHIST VALUES(7566,'1981-04-02',NULL,'MANAGER',2975,NULL,20,'New Hire')
INSERT INTO JOBHIST VALUES(7654,'1981-09-28',NULL,'SALESMAN',1250,1400,30,'New Hire')
INSERT INTO JOBHIST VALUES(7698,'1981-05-01',NULL,'MANAGER',2850,NULL,30,'New Hire')
INSERT INTO JOBHIST VALUES(7782,'1981-06-09',NULL,'MANAGER',2450,NULL,10,'New Hire')
INSERT INTO JOBHIST VALUES(7788,'1987-04-19','1988-04-12','CLERK',1000,NULL,20,'New Hire')
INSERT INTO JOBHIST VALUES(7788,'1988-04-13','1989-05-04','CLERK',1040,NULL,20,'Raise')
INSERT INTO JOBHIST VALUES(7788,'1990-05-05',NULL,'ANALYST',3000,NULL,20,'Promoted to Analyst')
INSERT INTO JOBHIST VALUES(7839,'1981-11-17',NULL,'PRESIDENT',5000,NULL,10,'New Hire')
INSERT INTO JOBHIST VALUES(7844,'1981-09-08',NULL,'SALESMAN',1500,0,30,'New Hire')
INSERT INTO JOBHIST VALUES(7876,'1987-05-23',NULL,'CLERK',1100,NULL,20,'New Hire')
INSERT INTO JOBHIST VALUES(7900,'1981-12-03','1983-01-14','CLERK',950,NULL,10,'New Hire')
INSERT INTO JOBHIST VALUES(7900,'1983-01-15',NULL,'CLERK',950,NULL,30,'Changed to Dept 30')
INSERT INTO JOBHIST VALUES(7902,'1981-12-03',NULL,'ANALYST',3000,NULL,20,'New Hire')
INSERT INTO JOBHIST VALUES(7934,'1982-01-23',NULL,'CLERK',1300,NULL,10,'New Hire')
COMMIT
INSERT INTO DEPT VALUES(90,'test \ubd80\uc11c','test \uc704\uce58')
COMMIT
SET AUTOCOMMIT TRUE
DISCONNECT
/*C12*/DISCONNECT
