/*C3*/SET SCHEMA PUBLIC
CONNECT USER SA
DISCONNECT
/*C4*/SET SCHEMA PUBLIC
CONNECT USER SA
/*C5*/SET SCHEMA PUBLIC
CONNECT USER SA
/*C6*/SET SCHEMA PUBLIC
CONNECT USER SA
SET AUTOCOMMIT FALSE
DELETE FROM EMPLOYEE WHERE EMPLOYEEID='1111'
DELETE FROM EMPLOYEE WHERE EMPLOYEEID='11111'
DELETE FROM EMPLOYEE WHERE EMPLOYEEID='1234'
DELETE FROM EMPLOYEE WHERE EMPLOYEEID='12345'
DELETE FROM EMPLOYEE WHERE EMPLOYEEID='90909'
DELETE FROM EMPLOYEE WHERE EMPLOYEEID='9090909'
DELETE FROM EMPLOYEE WHERE EMPLOYEEID='9876'
DELETE FROM EMPLOYEE WHERE EMPLOYEEID='99999'
COMMIT
SET AUTOCOMMIT TRUE
/*C4*/DISCONNECT
